INFO 2025-08-14 20:56:36,062 autoreload 19788 4872 Watching for file changes with StatReloader
INFO 2025-08-14 20:57:31,882 autoreload 19788 4872 C:\Users\user\Documents\site\personal_site\settings.py changed, reloading.
INFO 2025-08-14 20:57:32,624 autoreload 21088 20728 Watching for file changes with StatReloader
INFO 2025-08-14 21:03:39,845 autoreload 21088 20728 C:\Users\user\Documents\site\main\security.py changed, reloading.
INFO 2025-08-14 21:03:40,937 autoreload 13748 19328 Watching for file changes with StatReloader
INFO 2025-08-14 21:08:07,240 basehttp 13748 2484 "GET /about/ HTTP/1.1" 200 13612
INFO 2025-08-14 21:08:07,332 basehttp 13748 2484 "GET /static/css/style.css HTTP/1.1" 304 0
INFO 2025-08-14 21:08:16,179 basehttp 13748 2484 "GET /about/ HTTP/1.1" 200 13612
INFO 2025-08-14 21:08:24,594 basehttp 13748 2484 "GET /about/ HTTP/1.1" 200 13612
INFO 2025-08-14 21:08:25,317 basehttp 13748 2484 "GET /skills/ HTTP/1.1" 200 11587
INFO 2025-08-14 21:08:26,075 basehttp 13748 2484 "GET /contact/ HTTP/1.1" 200 12441
INFO 2025-08-14 21:08:28,541 basehttp 13748 2484 "GET / HTTP/1.1" 200 9146
INFO 2025-08-14 21:41:05,361 basehttp 13748 16648 "GET /about/ HTTP/1.1" 200 13612
INFO 2025-08-14 21:41:05,416 basehttp 13748 20980 "GET /static/images/hike_hobby.jpg HTTP/1.1" 304 0
INFO 2025-08-14 21:41:05,419 basehttp 13748 16648 "GET /static/css/style.css HTTP/1.1" 304 0
INFO 2025-08-14 21:41:05,419 basehttp 13748 5748 "GET /static/js/main.js HTTP/1.1" 304 0
INFO 2025-08-14 21:41:09,946 basehttp 13748 5748 "GET /skills/ HTTP/1.1" 200 11587
INFO 2025-08-14 21:41:45,329 basehttp 13748 5748 "GET /skills/ HTTP/1.1" 200 11587
INFO 2025-08-14 21:41:45,990 basehttp 13748 5748 "GET /about/ HTTP/1.1" 200 13612
INFO 2025-08-14 21:41:50,993 basehttp 13748 5748 "GET /skills/ HTTP/1.1" 200 11587
INFO 2025-08-14 21:49:35,028 basehttp 13748 12160 "GET /skills/ HTTP/1.1" 200 11587
INFO 2025-08-14 21:49:35,080 basehttp 13748 12160 "GET /static/css/style.css HTTP/1.1" 304 0
INFO 2025-08-14 21:49:38,207 basehttp 13748 12160 "GET /skills/ HTTP/1.1" 200 11587
INFO 2025-08-14 21:49:39,975 basehttp 13748 12160 "GET /about/ HTTP/1.1" 200 13612
INFO 2025-08-14 21:53:31,004 basehttp 13748 12160 "GET /about/ HTTP/1.1" 200 13612
INFO 2025-08-14 21:53:32,690 basehttp 13748 12160 "GET /about/ HTTP/1.1" 200 13612
INFO 2025-08-14 21:53:35,519 basehttp 13748 12160 "GET /skills/ HTTP/1.1" 200 11587
INFO 2025-08-14 21:53:40,425 basehttp 13748 12160 "GET / HTTP/1.1" 200 9146
INFO 2025-08-14 21:53:40,510 basehttp 13748 12160 "GET /static/images/main_page.png HTTP/1.1" 304 0
INFO 2025-08-14 21:53:58,879 basehttp 13748 12160 "GET /skills/ HTTP/1.1" 200 11587
INFO 2025-08-14 21:56:07,719 basehttp 13748 12160 "GET /about/ HTTP/1.1" 200 13612
INFO 2025-08-14 21:56:08,050 basehttp 13748 12160 "GET /static/css/style.css HTTP/1.1" 304 0
INFO 2025-08-14 22:08:35,306 basehttp 13748 10856 "GET /about/ HTTP/1.1" 200 13612
INFO 2025-08-14 22:08:35,380 basehttp 13748 10856 "GET /static/css/style.css HTTP/1.1" 304 0
INFO 2025-08-14 22:08:35,382 basehttp 13748 7348 "GET /static/js/main.js HTTP/1.1" 304 0
INFO 2025-08-14 22:08:38,301 basehttp 13748 7348 "GET / HTTP/1.1" 200 9146
INFO 2025-08-14 22:08:41,580 basehttp 13748 7348 "GET /about/ HTTP/1.1" 200 13612
INFO 2025-08-14 22:08:46,395 basehttp 13748 7348 "GET /skills/ HTTP/1.1" 200 11587
INFO 2025-08-14 22:08:51,432 basehttp 13748 7348 "GET /contact/ HTTP/1.1" 200 12441
INFO 2025-08-14 22:08:52,804 basehttp 13748 7348 "GET / HTTP/1.1" 200 9146
INFO 2025-08-14 22:09:12,361 basehttp 13748 7348 "GET /about/ HTTP/1.1" 200 13612
INFO 2025-08-14 22:10:30,509 basehttp 13748 7348 "GET / HTTP/1.1" 200 9146
INFO 2025-08-14 22:10:33,099 basehttp 13748 7348 "GET / HTTP/1.1" 200 9146
INFO 2025-08-14 22:10:35,734 basehttp 13748 7348 "GET /about/ HTTP/1.1" 200 44526
INFO 2025-08-14 22:10:55,027 basehttp 13748 7348 "GET /about/ HTTP/1.1" 200 13710
INFO 2025-08-14 22:11:15,164 basehttp 13748 7348 "GET / HTTP/1.1" 200 9137
INFO 2025-08-14 22:11:17,032 basehttp 13748 7348 "GET / HTTP/1.1" 200 9137
INFO 2025-08-14 22:11:20,773 basehttp 13748 7348 "GET /about/ HTTP/1.1" 200 13710
INFO 2025-08-14 22:11:34,593 basehttp 13748 7348 "GET / HTTP/1.1" 200 9137
INFO 2025-08-14 22:11:37,749 basehttp 13748 7348 "GET /about/ HTTP/1.1" 200 13710
INFO 2025-08-14 22:17:08,090 basehttp 13748 14116 "GET /about/ HTTP/1.1" 200 13710
INFO 2025-08-14 22:17:08,180 basehttp 13748 14116 "GET /static/css/style.css HTTP/1.1" 304 0
INFO 2025-08-14 22:17:09,450 basehttp 13748 14116 "GET /about/ HTTP/1.1" 200 13710
INFO 2025-08-14 22:17:13,641 basehttp 13748 14116 "GET / HTTP/1.1" 200 9137
INFO 2025-08-14 22:17:29,709 basehttp 13748 14116 "GET / HTTP/1.1" 200 9137
INFO 2025-08-14 22:17:34,667 basehttp 13748 14116 "GET /about/ HTTP/1.1" 200 13710
INFO 2025-08-14 22:17:36,340 basehttp 13748 14116 "GET / HTTP/1.1" 200 9137
INFO 2025-08-14 22:17:45,638 basehttp 13748 14116 "GET /about/ HTTP/1.1" 200 13710
INFO 2025-08-14 22:17:47,156 basehttp 13748 14116 "GET / HTTP/1.1" 200 9137
INFO 2025-08-14 22:17:48,673 basehttp 13748 14116 "GET /contact/ HTTP/1.1" 200 12441
INFO 2025-08-14 22:17:57,389 basehttp 13748 14116 "GET / HTTP/1.1" 200 9137
INFO 2025-08-14 22:17:59,071 basehttp 13748 14116 "GET /about/ HTTP/1.1" 200 13710
INFO 2025-08-14 22:17:59,922 basehttp 13748 14116 "GET /skills/ HTTP/1.1" 200 11587
INFO 2025-08-14 22:19:12,553 basehttp 13748 14116 "GET / HTTP/1.1" 200 9137
INFO 2025-08-14 22:19:14,729 basehttp 13748 14116 "GET / HTTP/1.1" 200 9137
INFO 2025-08-14 22:19:50,470 basehttp 13748 14116 "GET / HTTP/1.1" 200 11200
INFO 2025-08-14 22:19:59,830 basehttp 13748 14116 "GET / HTTP/1.1" 200 11126
INFO 2025-08-14 22:20:00,995 basehttp 13748 14116 "GET / HTTP/1.1" 200 11126
INFO 2025-08-14 22:20:23,834 basehttp 13748 14116 "GET / HTTP/1.1" 200 9137
INFO 2025-08-14 22:20:48,036 basehttp 13748 14116 "GET / HTTP/1.1" 200 9146
INFO 2025-08-14 22:21:42,147 basehttp 13748 14116 "GET / HTTP/1.1" 200 9146
INFO 2025-08-14 22:22:53,251 basehttp 13748 14116 "GET / HTTP/1.1" 200 9142
INFO 2025-08-14 22:23:05,836 basehttp 13748 14116 "GET /about/ HTTP/1.1" 200 13710
INFO 2025-08-14 22:23:15,751 basehttp 13748 14116 "GET /skills/ HTTP/1.1" 200 11587
INFO 2025-08-14 23:11:42,607 basehttp 13748 21460 "GET / HTTP/1.1" 200 9142
INFO 2025-08-14 23:11:42,686 basehttp 13748 21460 "GET /static/css/style.css HTTP/1.1" 304 0
INFO 2025-08-14 23:11:42,686 basehttp 13748 19100 "GET /static/js/main.js HTTP/1.1" 304 0
INFO 2025-08-14 23:11:48,346 basehttp 13748 21460 "GET /about/ HTTP/1.1" 200 13710
INFO 2025-08-14 23:11:53,291 basehttp 13748 21460 "GET /skills/ HTTP/1.1" 200 11587
INFO 2025-08-14 23:11:57,222 basehttp 13748 21460 "GET /contact/ HTTP/1.1" 200 12441
INFO 2025-09-08 19:44:55,272 autoreload 12308 3884 Watching for file changes with StatReloader
INFO 2025-09-08 19:45:00,011 basehttp 12308 15748 "GET / HTTP/1.1" 200 9142
INFO 2025-09-08 19:45:00,172 basehttp 12308 15748 "GET /static/css/style.css HTTP/1.1" 200 22929
INFO 2025-09-08 19:45:00,175 basehttp 12308 12900 "GET /static/images/main_page.png HTTP/1.1" 200 321890
INFO 2025-09-08 19:45:00,188 basehttp 12308 11480 "GET /static/js/main.js HTTP/1.1" 200 1086
WARNING 2025-09-08 19:45:00,289 log 12308 11480 Not Found: /favicon.ico
WARNING 2025-09-08 19:45:00,289 basehttp 12308 11480 "GET /favicon.ico HTTP/1.1" 404 3277
INFO 2025-09-08 19:45:05,506 basehttp 12308 11480 "GET /about/ HTTP/1.1" 200 13710
INFO 2025-09-08 19:45:05,570 basehttp 12308 11480 "GET /static/images/hike_hobby.jpg HTTP/1.1" 200 1229294
INFO 2025-09-08 19:45:28,285 basehttp 12308 11480 "GET /skills/ HTTP/1.1" 200 11587
INFO 2025-09-08 19:45:35,391 basehttp 12308 11480 "GET /contact/ HTTP/1.1" 200 12441
INFO 2025-09-08 19:46:25,115 basehttp 12308 11480 "GET /skills/ HTTP/1.1" 200 11587
INFO 2025-09-08 19:46:34,268 basehttp 12308 11480 "GET / HTTP/1.1" 200 9142
INFO 2025-09-08 20:21:46,345 basehttp 12308 10120 "GET / HTTP/1.1" 200 9142
INFO 2025-09-08 20:21:47,577 basehttp 12308 10120 "GET /about/ HTTP/1.1" 200 13710
INFO 2025-09-08 20:21:49,078 basehttp 12308 10120 "GET /skills/ HTTP/1.1" 200 11587
INFO 2025-09-08 20:21:50,229 basehttp 12308 10120 "GET /contact/ HTTP/1.1" 200 12441
INFO 2025-09-08 22:20:59,529 autoreload 15916 12112 Watching for file changes with StatReloader
INFO 2025-09-08 22:21:03,878 basehttp 15916 16664 "GET / HTTP/1.1" 200 9142
INFO 2025-09-08 22:21:05,945 basehttp 15916 16664 "GET /contact/ HTTP/1.1" 200 12441
INFO 2025-09-08 22:22:36,102 autoreload 13688 15448 Watching for file changes with StatReloader
INFO 2025-09-08 22:23:36,099 basehttp 13688 4128 "GET /contact/ HTTP/1.1" 200 12864
INFO 2025-09-08 22:23:49,471 basehttp 13688 4128 "GET /contact/ HTTP/1.1" 200 12873
INFO 2025-09-08 22:27:02,225 basehttp 13688 4128 "GET /contact/ HTTP/1.1" 200 13175
INFO 2025-09-08 22:28:29,834 basehttp 13688 4128 "GET /contact/ HTTP/1.1" 200 13184
INFO 2025-09-08 22:29:17,480 basehttp 13688 4128 "GET /contact/ HTTP/1.1" 200 12952
INFO 2025-09-08 22:30:04,577 basehttp 13688 4128 "GET /contact/ HTTP/1.1" 200 13184
INFO 2025-09-08 22:34:27,150 basehttp 13688 4128 "GET /contact/ HTTP/1.1" 200 12988
INFO 2025-09-08 22:34:43,899 basehttp 13688 4128 "GET /contact/ HTTP/1.1" 200 13165
INFO 2025-09-08 22:35:29,593 basehttp 13688 4128 "GET /contact/ HTTP/1.1" 200 13248
INFO 2025-09-08 22:36:37,458 basehttp 13688 4128 "GET /contact/ HTTP/1.1" 200 13315
INFO 2025-09-08 22:36:44,326 basehttp 13688 4128 "GET /contact/ HTTP/1.1" 200 13300
INFO 2025-09-08 22:37:31,549 basehttp 13688 4128 "GET /skills/ HTTP/1.1" 200 11587
INFO 2025-09-08 22:37:46,809 basehttp 13688 4128 "GET /skills/ HTTP/1.1" 200 11587
INFO 2025-09-08 22:40:02,516 basehttp 13688 4128 "GET /skills/ HTTP/1.1" 200 12186
INFO 2025-09-08 22:40:43,544 basehttp 13688 4128 "GET /skills/ HTTP/1.1" 200 13547
INFO 2025-09-08 22:53:26,559 basehttp 13688 13652 "GET /skills/ HTTP/1.1" 200 11186
INFO 2025-09-08 22:58:16,878 basehttp 13688 13652 "GET / HTTP/1.1" 200 9142
INFO 2025-09-08 22:58:19,775 basehttp 13688 13652 "GET /about/ HTTP/1.1" 200 13710
INFO 2025-09-08 22:58:31,144 basehttp 13688 13652 "GET /about/ HTTP/1.1" 200 13710
INFO 2025-09-08 22:58:37,321 basehttp 13688 13652 "GET /skills/ HTTP/1.1" 200 11186
INFO 2025-09-08 22:58:40,223 basehttp 13688 13652 "GET /about/ HTTP/1.1" 200 13710
INFO 2025-09-08 22:58:50,460 basehttp 13688 13652 "GET /skills/ HTTP/1.1" 200 11186
INFO 2025-09-08 23:00:05,137 basehttp 13688 13652 "GET /skills/ HTTP/1.1" 200 11283
INFO 2025-09-08 23:00:49,755 basehttp 13688 13652 "GET /skills/ HTTP/1.1" 200 11388
INFO 2025-09-08 23:01:01,701 basehttp 13688 13652 "GET /skills/ HTTP/1.1" 200 11388
INFO 2025-09-08 23:01:33,795 basehttp 13688 13652 "GET /skills/ HTTP/1.1" 200 11388
INFO 2025-09-08 23:01:47,961 basehttp 13688 13652 "GET /skills/ HTTP/1.1" 200 11388
INFO 2025-09-08 23:02:09,731 basehttp 13688 13652 "GET /skills/ HTTP/1.1" 200 11378
INFO 2025-09-08 23:02:40,412 basehttp 13688 13652 "GET /skills/ HTTP/1.1" 200 11350
INFO 2025-09-08 23:02:53,840 basehttp 13688 13652 "GET /skills/ HTTP/1.1" 200 11371
INFO 2025-09-08 23:06:27,459 basehttp 13688 13652 "GET /about/ HTTP/1.1" 200 13734
INFO 2025-09-08 23:09:27,340 basehttp 13688 13652 "GET /about/ HTTP/1.1" 200 13712
INFO 2025-09-08 23:09:30,721 basehttp 13688 13652 "GET /about/ HTTP/1.1" 200 13712
INFO 2025-09-08 23:09:39,838 basehttp 13688 13652 "GET /skills/ HTTP/1.1" 200 11371
INFO 2025-09-08 23:09:41,890 basehttp 13688 13652 "GET /about/ HTTP/1.1" 200 13712
INFO 2025-09-08 23:10:15,189 basehttp 13688 13652 "GET /about/ HTTP/1.1" 200 13500
INFO 2025-09-08 23:10:19,629 basehttp 13688 13652 "GET /about/ HTTP/1.1" 200 13500
INFO 2025-09-08 23:10:27,196 basehttp 13688 13652 "GET /about/ HTTP/1.1" 200 13785
INFO 2025-09-08 23:10:49,459 basehttp 13688 13652 "GET /skills/ HTTP/1.1" 200 11371
INFO 2025-09-08 23:11:00,460 basehttp 13688 13652 "GET /about/ HTTP/1.1" 200 13785
INFO 2025-09-08 23:13:28,000 basehttp 13688 16972 "GET /about/ HTTP/1.1" 200 44526
INFO 2025-09-08 23:14:56,133 basehttp 13688 15584 "GET /about/ HTTP/1.1" 200 12338
INFO 2025-09-08 23:18:29,015 basehttp 13688 15584 "GET /about/ HTTP/1.1" 200 12338
INFO 2025-09-08 23:18:30,826 basehttp 13688 15584 "GET /skills/ HTTP/1.1" 200 15214
INFO 2025-09-08 23:18:44,274 basehttp 13688 15584 "GET /skills/ HTTP/1.1" 200 15214
INFO 2025-09-08 23:19:17,282 basehttp 13688 15584 "GET /about/ HTTP/1.1" 200 12338
INFO 2025-09-08 23:21:11,390 basehttp 13688 15584 "GET /about/ HTTP/1.1" 200 15268
INFO 2025-09-08 23:24:53,416 basehttp 13688 15584 "GET /about/ HTTP/1.1" 200 13252
INFO 2025-09-08 23:25:31,739 basehttp 13688 15584 "GET /skills/ HTTP/1.1" 200 15214
INFO 2025-09-08 23:26:03,233 basehttp 13688 15584 "GET /about/ HTTP/1.1" 200 13273
INFO 2025-09-08 23:27:46,552 basehttp 13688 15584 "GET /about/ HTTP/1.1" 200 12395
INFO 2025-09-08 23:28:31,031 basehttp 13688 15584 "GET /about/ HTTP/1.1" 200 12135
INFO 2025-09-08 23:29:21,319 basehttp 13688 15584 "GET /about/ HTTP/1.1" 200 12127
INFO 2025-09-08 23:29:38,265 basehttp 13688 15584 "GET /about/ HTTP/1.1" 200 12126
INFO 2025-09-08 23:29:55,582 basehttp 13688 15584 "GET /about/ HTTP/1.1" 200 12126
INFO 2025-09-08 23:31:34,826 basehttp 13688 15584 "GET /about/ HTTP/1.1" 200 12126
INFO 2025-09-08 23:31:36,009 basehttp 13688 15584 "GET /about/ HTTP/1.1" 200 12126
INFO 2025-09-08 23:32:26,307 basehttp 13688 15584 "GET /about/ HTTP/1.1" 200 12136
INFO 2025-09-08 23:32:29,559 basehttp 13688 15584 "GET /skills/ HTTP/1.1" 200 15214
INFO 2025-09-08 23:32:32,548 basehttp 13688 15584 "GET /about/ HTTP/1.1" 200 12136
INFO 2025-09-08 23:33:19,129 basehttp 13688 15584 "GET /about/ HTTP/1.1" 200 12136
INFO 2025-09-08 23:33:25,726 basehttp 13688 15584 "GET /skills/ HTTP/1.1" 200 15214
INFO 2025-09-08 23:34:07,355 basehttp 13688 15584 "GET /skills/ HTTP/1.1" 200 15232
INFO 2025-09-08 23:34:27,850 basehttp 13688 15584 "GET /about/ HTTP/1.1" 200 12136
INFO 2025-09-08 23:34:56,684 basehttp 13688 15584 "GET /skills/ HTTP/1.1" 200 15241
INFO 2025-09-08 23:36:59,298 basehttp 13688 15584 "GET /skills/ HTTP/1.1" 200 9469
INFO 2025-09-08 23:37:56,739 basehttp 13688 15584 "GET /skills/ HTTP/1.1" 200 9473
INFO 2025-09-08 23:38:02,149 basehttp 13688 15584 "GET /about/ HTTP/1.1" 200 12136
INFO 2025-09-08 23:38:14,271 basehttp 13688 15584 "GET /skills/ HTTP/1.1" 200 9473
INFO 2025-09-08 23:38:17,218 basehttp 13688 15584 "GET /about/ HTTP/1.1" 200 12136
INFO 2025-09-08 23:38:31,393 basehttp 13688 15584 "GET /skills/ HTTP/1.1" 200 9473
INFO 2025-09-08 23:39:11,147 basehttp 13688 15584 "GET /skills/ HTTP/1.1" 200 9473
INFO 2025-09-08 23:39:26,711 basehttp 13688 15584 "GET / HTTP/1.1" 200 9142
INFO 2025-09-08 23:40:50,985 basehttp 13688 15584 "GET / HTTP/1.1" 200 10027
INFO 2025-09-08 23:41:08,257 basehttp 13688 15584 "GET / HTTP/1.1" 200 9142
INFO 2025-09-08 23:41:32,120 basehttp 13688 15584 "GET /about/ HTTP/1.1" 200 12136
INFO 2025-09-08 23:41:33,204 basehttp 13688 15584 "GET / HTTP/1.1" 200 9142
INFO 2025-09-08 23:43:05,301 basehttp 13688 15584 "GET /about/ HTTP/1.1" 200 12136
INFO 2025-09-08 23:43:12,898 basehttp 13688 15584 "GET /skills/ HTTP/1.1" 200 9473
INFO 2025-09-08 23:43:14,217 basehttp 13688 15584 "GET /contact/ HTTP/1.1" 200 13309
INFO 2025-09-08 23:43:15,112 basehttp 13688 15584 "GET / HTTP/1.1" 200 9142
INFO 2025-09-08 23:43:16,759 basehttp 13688 15584 "GET /contact/ HTTP/1.1" 200 13309
INFO 2025-09-08 23:43:24,192 basehttp 13688 15584 "GET / HTTP/1.1" 200 9142
INFO 2025-09-08 23:44:02,311 basehttp 13688 15584 "GET / HTTP/1.1" 200 9798
INFO 2025-09-08 23:44:10,687 basehttp 13688 15584 "GET / HTTP/1.1" 200 9142
INFO 2025-09-08 23:44:19,726 basehttp 13688 15584 "GET / HTTP/1.1" 200 9142
INFO 2025-09-08 23:44:33,328 basehttp 13688 15584 "GET / HTTP/1.1" 200 10027
INFO 2025-09-08 23:45:50,349 basehttp 13688 1448 "GET / HTTP/1.1" 200 10026
INFO 2025-09-08 23:45:51,537 basehttp 13688 1448 "GET / HTTP/1.1" 200 10026
INFO 2025-09-08 23:46:03,333 basehttp 13688 1448 "GET / HTTP/1.1" 200 10026
INFO 2025-09-08 23:47:01,920 basehttp 13688 12416 "GET / HTTP/1.1" 200 10026
INFO 2025-09-08 23:47:36,481 basehttp 13688 12416 "GET / HTTP/1.1" 200 10026
INFO 2025-09-08 23:47:49,826 basehttp 13688 12416 "GET / HTTP/1.1" 200 10026
INFO 2025-09-08 23:47:53,543 basehttp 13688 12416 "GET / HTTP/1.1" 200 10026
INFO 2025-09-08 23:48:30,061 basehttp 13688 12416 "GET / HTTP/1.1" 200 10026
INFO 2025-09-08 23:50:13,348 basehttp 13688 15740 "GET / HTTP/1.1" 200 10031
INFO 2025-09-08 23:52:06,310 basehttp 13688 10176 "GET / HTTP/1.1" 200 10017
INFO 2025-09-08 23:52:30,236 basehttp 13688 10176 "GET / HTTP/1.1" 200 10026
INFO 2025-09-08 23:52:48,296 basehttp 13688 10176 "GET / HTTP/1.1" 200 10026
INFO 2025-09-08 23:53:38,596 basehttp 13688 10176 "GET / HTTP/1.1" 200 10026
INFO 2025-09-08 23:53:44,790 basehttp 13688 10176 "GET / HTTP/1.1" 200 10026
INFO 2025-09-08 23:56:31,847 basehttp 13688 10176 "GET / HTTP/1.1" 200 10026
INFO 2025-09-08 23:56:59,171 basehttp 13688 10176 "GET / HTTP/1.1" 200 10026
INFO 2025-09-08 23:57:25,567 basehttp 13688 10176 "GET / HTTP/1.1" 200 10026
INFO 2025-09-08 23:57:38,825 basehttp 13688 10176 "GET /about/ HTTP/1.1" 200 12136
INFO 2025-09-08 23:57:41,294 basehttp 13688 10176 "GET / HTTP/1.1" 200 10026
INFO 2025-09-08 23:58:29,663 basehttp 13688 10176 "GET / HTTP/1.1" 200 10123
INFO 2025-09-08 23:58:49,542 basehttp 13688 10176 "GET / HTTP/1.1" 200 10128
INFO 2025-09-08 23:59:00,594 basehttp 13688 10176 "GET /about/ HTTP/1.1" 200 12136
INFO 2025-09-08 23:59:16,357 basehttp 13688 10176 "GET /skills/ HTTP/1.1" 200 9473
INFO 2025-09-08 23:59:19,281 basehttp 13688 10176 "GET /contact/ HTTP/1.1" 200 13309
INFO 2025-09-08 23:59:32,460 basehttp 13688 10176 "GET / HTTP/1.1" 200 10128
INFO 2025-09-08 23:59:37,380 basehttp 13688 10176 "GET /about/ HTTP/1.1" 200 12136
INFO 2025-09-08 23:59:38,753 basehttp 13688 10176 "GET /skills/ HTTP/1.1" 200 9473
INFO 2025-09-08 23:59:40,297 basehttp 13688 10176 "GET /contact/ HTTP/1.1" 200 13309
INFO 2025-09-09 10:43:05,990 autoreload 13028 7056 Watching for file changes with StatReloader
INFO 2025-09-09 10:44:35,007 autoreload 2588 10176 Watching for file changes with StatReloader
INFO 2025-09-09 10:44:49,282 basehttp 2588 13108 "GET / HTTP/1.1" 200 7315
INFO 2025-09-09 10:44:54,168 basehttp 2588 13108 "GET / HTTP/1.1" 200 7315
INFO 2025-09-09 10:44:54,887 basehttp 2588 13108 "GET /about/ HTTP/1.1" 200 12098
INFO 2025-09-09 10:44:55,667 basehttp 2588 13108 "GET /skills/ HTTP/1.1" 200 8093
INFO 2025-09-09 10:44:57,322 basehttp 2588 13108 "GET /contact/ HTTP/1.1" 200 9407
INFO 2025-09-09 10:45:00,625 basehttp 2588 13108 "GET /skills/ HTTP/1.1" 200 8093
INFO 2025-09-09 10:45:06,476 basehttp 2588 13108 "GET /about/ HTTP/1.1" 200 12098
INFO 2025-09-09 10:46:59,421 basehttp 2588 12196 "GET /about/ HTTP/1.1" 200 12098
INFO 2025-09-09 10:46:59,567 basehttp 2588 12196 "GET /static/css/style.css HTTP/1.1" 200 22954
INFO 2025-09-09 10:46:59,573 basehttp 2588 12232 "GET /static/js/main.js HTTP/1.1" 200 1086
INFO 2025-09-09 10:46:59,580 basehttp 2588 16656 "GET /static/images/hike_hobby.jpg HTTP/1.1" 200 1229294
WARNING 2025-09-09 10:46:59,689 log 2588 16656 Not Found: /favicon.ico
WARNING 2025-09-09 10:46:59,689 basehttp 2588 16656 "GET /favicon.ico HTTP/1.1" 404 3934
INFO 2025-09-09 10:47:04,638 basehttp 2588 16656 "GET / HTTP/1.1" 200 7315
INFO 2025-09-09 10:47:04,691 basehttp 2588 16656 "GET /static/images/main_page.png HTTP/1.1" 200 321890
INFO 2025-09-09 10:47:06,503 basehttp 2588 16656 "GET /about/ HTTP/1.1" 200 12098
INFO 2025-09-09 10:47:07,177 basehttp 2588 16656 "GET /skills/ HTTP/1.1" 200 8093
INFO 2025-09-09 10:47:07,952 basehttp 2588 16656 "GET /contact/ HTTP/1.1" 200 9407
INFO 2025-09-09 10:47:10,836 basehttp 2588 16656 "GET /about/ HTTP/1.1" 200 12098
INFO 2025-09-09 10:47:12,636 basehttp 2588 16656 "GET /skills/ HTTP/1.1" 200 8093
WARNING 2025-09-09 10:47:49,565 log 2588 13108 Not Found: /.well-known/appspecific/com.chrome.devtools.json
WARNING 2025-09-09 10:47:49,566 basehttp 2588 13108 "GET /.well-known/appspecific/com.chrome.devtools.json HTTP/1.1" 404 4045
INFO 2025-09-09 10:48:23,947 basehttp 2588 5036 "GET /static/images/hike_hobby.jpg HTTP/1.1" 200 1229294
INFO 2025-09-09 10:49:44,118 basehttp 2588 13108 "GET /about/ HTTP/1.1" 200 12098
WARNING 2025-09-09 10:49:44,288 log 2588 13108 Not Found: /.well-known/appspecific/com.chrome.devtools.json
WARNING 2025-09-09 10:49:44,289 basehttp 2588 13108 "GET /.well-known/appspecific/com.chrome.devtools.json HTTP/1.1" 404 4045
INFO 2025-09-09 10:51:24,743 basehttp 2588 14416 "GET / HTTP/1.1" 200 7315
WARNING 2025-09-09 10:51:24,849 log 2588 14416 Not Found: /.well-known/appspecific/com.chrome.devtools.json
WARNING 2025-09-09 10:51:24,849 basehttp 2588 14416 "GET /.well-known/appspecific/com.chrome.devtools.json HTTP/1.1" 404 4045
INFO 2025-09-09 10:51:37,323 basehttp 2588 14416 "GET / HTTP/1.1" 200 7315
WARNING 2025-09-09 10:51:37,394 log 2588 14416 Not Found: /.well-known/appspecific/com.chrome.devtools.json
WARNING 2025-09-09 10:51:37,394 basehttp 2588 14416 "GET /.well-known/appspecific/com.chrome.devtools.json HTTP/1.1" 404 4045
INFO 2025-09-09 10:51:39,609 basehttp 2588 14416 "GET / HTTP/1.1" 200 7315
WARNING 2025-09-09 10:51:39,673 log 2588 14416 Not Found: /.well-known/appspecific/com.chrome.devtools.json
WARNING 2025-09-09 10:51:39,674 basehttp 2588 14416 "GET /.well-known/appspecific/com.chrome.devtools.json HTTP/1.1" 404 4045
INFO 2025-09-09 10:51:40,713 basehttp 2588 14416 "GET / HTTP/1.1" 200 7315
WARNING 2025-09-09 10:51:40,771 log 2588 14416 Not Found: /.well-known/appspecific/com.chrome.devtools.json
WARNING 2025-09-09 10:51:40,772 basehttp 2588 14416 "GET /.well-known/appspecific/com.chrome.devtools.json HTTP/1.1" 404 4045
INFO 2025-09-09 10:51:41,979 basehttp 2588 14416 "GET / HTTP/1.1" 200 7315
WARNING 2025-09-09 10:51:42,033 log 2588 14416 Not Found: /.well-known/appspecific/com.chrome.devtools.json
WARNING 2025-09-09 10:51:42,035 basehttp 2588 14416 "GET /.well-known/appspecific/com.chrome.devtools.json HTTP/1.1" 404 4045
INFO 2025-09-09 10:52:17,375 basehttp 2588 14416 "GET /contact/ HTTP/1.1" 200 9407
WARNING 2025-09-09 10:52:17,441 log 2588 14416 Not Found: /.well-known/appspecific/com.chrome.devtools.json
WARNING 2025-09-09 10:52:17,442 basehttp 2588 14416 "GET /.well-known/appspecific/com.chrome.devtools.json HTTP/1.1" 404 4045
INFO 2025-09-09 11:08:29,905 autoreload 2588 10176 C:\Users\user\Documents\site\personal_site\settings.py changed, reloading.
INFO 2025-09-09 11:10:36,118 autoreload 15816 3628 Watching for file changes with StatReloader
INFO 2025-09-09 11:10:41,814 basehttp 15816 11304 "GET /contact/ HTTP/1.1" 200 9407
INFO 2025-09-09 11:10:42,934 basehttp 15816 11304 "GET /contact/ HTTP/1.1" 200 9407
INFO 2025-09-09 11:10:44,043 basehttp 15816 11304 "GET / HTTP/1.1" 200 7315
INFO 2025-09-09 11:10:44,940 basehttp 15816 11304 "GET / HTTP/1.1" 200 7315
INFO 2025-09-09 11:10:45,552 basehttp 15816 11304 "GET /about/ HTTP/1.1" 200 12098
INFO 2025-09-09 11:10:46,949 basehttp 15816 11304 "GET /skills/ HTTP/1.1" 200 8093
INFO 2025-09-09 11:10:47,686 basehttp 15816 11304 "GET /contact/ HTTP/1.1" 200 9407
INFO 2025-09-09 11:10:48,671 basehttp 15816 11304 "GET /skills/ HTTP/1.1" 200 8093
INFO 2025-09-09 11:10:49,867 basehttp 15816 11304 "GET /about/ HTTP/1.1" 200 12098
INFO 2025-09-09 11:10:50,904 basehttp 15816 11304 "GET / HTTP/1.1" 200 7315
INFO 2025-09-09 11:11:00,031 basehttp 15816 11304 "GET /about/ HTTP/1.1" 200 12098
INFO 2025-09-09 11:11:03,793 basehttp 15816 11304 "GET /skills/ HTTP/1.1" 200 8093
INFO 2025-09-09 11:21:20,400 basehttp 15816 16784 "GET /admin/ HTTP/1.1" 302 0
INFO 2025-09-09 11:21:20,470 basehttp 15816 16784 "GET /admin/login/?next=/admin/ HTTP/1.1" 200 4173
WARNING 2025-09-09 11:21:20,535 log 15816 2272 Not Found: /static/admin/css/nav_sidebar.css
WARNING 2025-09-09 11:21:20,535 basehttp 15816 2272 "GET /static/admin/css/nav_sidebar.css HTTP/1.1" 404 179
WARNING 2025-09-09 11:21:20,560 log 15816 16784 Not Found: /static/admin/css/base.css
WARNING 2025-09-09 11:21:20,561 basehttp 15816 16784 "GET /static/admin/css/base.css HTTP/1.1" 404 179
WARNING 2025-09-09 11:21:20,579 log 15816 9500 Not Found: /static/admin/css/login.css
WARNING 2025-09-09 11:21:20,580 basehttp 15816 9500 "GET /static/admin/css/login.css HTTP/1.1" 404 179
WARNING 2025-09-09 11:21:20,589 log 15816 14860 Not Found: /static/admin/css/responsive.css
WARNING 2025-09-09 11:21:20,592 basehttp 15816 14860 "GET /static/admin/css/responsive.css HTTP/1.1" 404 179
WARNING 2025-09-09 11:21:20,612 log 15816 14484 Not Found: /static/admin/css/dark_mode.css
WARNING 2025-09-09 11:21:20,613 basehttp 15816 14484 "GET /static/admin/css/dark_mode.css HTTP/1.1" 404 179
WARNING 2025-09-09 11:21:20,626 log 15816 12588 Not Found: /static/admin/js/theme.js
WARNING 2025-09-09 11:21:20,626 basehttp 15816 12588 "GET /static/admin/js/theme.js HTTP/1.1" 404 179
WARNING 2025-09-09 11:21:20,651 log 15816 12588 Not Found: /static/admin/css/nav_sidebar.css
WARNING 2025-09-09 11:21:20,652 basehttp 15816 12588 "GET /static/admin/css/nav_sidebar.css HTTP/1.1" 404 179
WARNING 2025-09-09 11:21:20,671 log 15816 9500 Not Found: /static/admin/css/responsive.css
WARNING 2025-09-09 11:21:20,671 basehttp 15816 9500 "GET /static/admin/css/responsive.css HTTP/1.1" 404 179
WARNING 2025-09-09 11:21:20,691 log 15816 14860 Not Found: /static/admin/css/login.css
WARNING 2025-09-09 11:21:20,691 basehttp 15816 14860 "GET /static/admin/css/login.css HTTP/1.1" 404 179
WARNING 2025-09-09 11:21:20,710 log 15816 14484 Not Found: /static/admin/js/nav_sidebar.js
WARNING 2025-09-09 11:21:20,711 basehttp 15816 14484 "GET /static/admin/js/nav_sidebar.js HTTP/1.1" 404 179
INFO 2025-09-09 11:23:56,831 basehttp 15816 14484 "GET /admin/ HTTP/1.1" 302 0
INFO 2025-09-09 11:23:56,850 basehttp 15816 14484 "GET /admin/login/?next=/admin/ HTTP/1.1" 200 4173
WARNING 2025-09-09 11:23:56,925 log 15816 12588 Not Found: /static/admin/css/nav_sidebar.css
WARNING 2025-09-09 11:23:56,925 basehttp 15816 12588 "GET /static/admin/css/nav_sidebar.css HTTP/1.1" 404 179
WARNING 2025-09-09 11:23:56,942 log 15816 16784 Not Found: /static/admin/css/login.css
WARNING 2025-09-09 11:23:56,942 basehttp 15816 16784 "GET /static/admin/css/login.css HTTP/1.1" 404 179
WARNING 2025-09-09 11:23:56,952 log 15816 14860 Not Found: /static/admin/css/dark_mode.css
WARNING 2025-09-09 11:23:56,953 basehttp 15816 14860 "GET /static/admin/css/dark_mode.css HTTP/1.1" 404 179
WARNING 2025-09-09 11:23:56,972 log 15816 9500 Not Found: /static/admin/js/theme.js
WARNING 2025-09-09 11:23:56,972 basehttp 15816 9500 "GET /static/admin/js/theme.js HTTP/1.1" 404 179
WARNING 2025-09-09 11:23:56,985 log 15816 14484 Not Found: /static/admin/css/base.css
WARNING 2025-09-09 11:23:56,987 basehttp 15816 14484 "GET /static/admin/css/base.css HTTP/1.1" 404 179
WARNING 2025-09-09 11:23:57,010 log 15816 2272 Not Found: /static/admin/css/responsive.css
WARNING 2025-09-09 11:23:57,011 basehttp 15816 2272 "GET /static/admin/css/responsive.css HTTP/1.1" 404 179
WARNING 2025-09-09 11:23:57,033 log 15816 14860 Not Found: /static/admin/css/login.css
WARNING 2025-09-09 11:23:57,033 basehttp 15816 14860 "GET /static/admin/css/login.css HTTP/1.1" 404 179
WARNING 2025-09-09 11:23:57,056 log 15816 14484 Not Found: /static/admin/js/nav_sidebar.js
WARNING 2025-09-09 11:23:57,057 basehttp 15816 14484 "GET /static/admin/js/nav_sidebar.js HTTP/1.1" 404 179
WARNING 2025-09-09 11:23:57,062 log 15816 9500 Not Found: /static/admin/css/nav_sidebar.css
WARNING 2025-09-09 11:23:57,065 basehttp 15816 9500 "GET /static/admin/css/nav_sidebar.css HTTP/1.1" 404 179
INFO 2025-09-09 11:48:19,773 autoreload 13508 17352 Watching for file changes with StatReloader
INFO 2025-09-09 11:48:26,805 basehttp 13508 19452 "GET / HTTP/1.1" 200 7315
INFO 2025-09-09 11:48:30,039 basehttp 13508 19452 "GET /about/ HTTP/1.1" 200 12098
INFO 2025-09-09 11:48:33,146 basehttp 13508 19452 "GET /skills/ HTTP/1.1" 200 8093
INFO 2025-09-09 11:48:36,138 basehttp 13508 19452 "GET /contact/ HTTP/1.1" 200 9407
WARNING 2025-09-09 11:48:39,713 log 13508 19452 Not Found: /.well-known/appspecific/com.chrome.devtools.json
WARNING 2025-09-09 11:48:39,714 basehttp 13508 19452 "GET /.well-known/appspecific/com.chrome.devtools.json HTTP/1.1" 404 179
INFO 2025-09-09 11:48:51,141 basehttp 13508 19452 "GET /about/ HTTP/1.1" 200 12098
WARNING 2025-09-09 11:48:51,219 log 13508 19452 Not Found: /.well-known/appspecific/com.chrome.devtools.json
WARNING 2025-09-09 11:48:51,233 basehttp 13508 19452 "GET /.well-known/appspecific/com.chrome.devtools.json HTTP/1.1" 404 179
INFO 2025-09-09 11:48:53,546 basehttp 13508 19452 "GET / HTTP/1.1" 200 7315
WARNING 2025-09-09 11:48:53,712 log 13508 19452 Not Found: /.well-known/appspecific/com.chrome.devtools.json
WARNING 2025-09-09 11:48:53,716 basehttp 13508 19452 "GET /.well-known/appspecific/com.chrome.devtools.json HTTP/1.1" 404 179
INFO 2025-09-09 11:50:18,467 basehttp 13508 19452 "GET /about/ HTTP/1.1" 200 12098
WARNING 2025-09-09 11:50:18,571 log 13508 19452 Not Found: /.well-known/appspecific/com.chrome.devtools.json
WARNING 2025-09-09 11:50:18,572 basehttp 13508 19452 "GET /.well-known/appspecific/com.chrome.devtools.json HTTP/1.1" 404 179
INFO 2025-09-09 11:50:25,869 basehttp 13508 19452 "GET /contact/ HTTP/1.1" 200 9407
WARNING 2025-09-09 11:50:26,022 log 13508 19452 Not Found: /.well-known/appspecific/com.chrome.devtools.json
WARNING 2025-09-09 11:50:26,030 basehttp 13508 19452 "GET /.well-known/appspecific/com.chrome.devtools.json HTTP/1.1" 404 179
INFO 2025-09-09 11:52:33,786 basehttp 13508 16016 "GET /contact/ HTTP/1.1" 200 10056
WARNING 2025-09-09 11:52:33,844 log 13508 16016 Not Found: /.well-known/appspecific/com.chrome.devtools.json
WARNING 2025-09-09 11:52:33,846 basehttp 13508 16016 "GET /.well-known/appspecific/com.chrome.devtools.json HTTP/1.1" 404 179
INFO 2025-09-09 11:52:35,474 basehttp 13508 16016 "GET / HTTP/1.1" 200 7964
WARNING 2025-09-09 11:52:35,564 log 13508 16016 Not Found: /.well-known/appspecific/com.chrome.devtools.json
WARNING 2025-09-09 11:52:35,569 basehttp 13508 16016 "GET /.well-known/appspecific/com.chrome.devtools.json HTTP/1.1" 404 179
WARNING 2025-09-09 11:52:47,064 log 13508 16016 Not Found: /.well-known/appspecific/com.chrome.devtools.json
WARNING 2025-09-09 11:52:47,064 basehttp 13508 16016 "GET /.well-known/appspecific/com.chrome.devtools.json HTTP/1.1" 404 179
INFO 2025-09-09 11:52:50,539 basehttp 13508 16016 "GET / HTTP/1.1" 200 7964
WARNING 2025-09-09 11:52:50,649 log 13508 16016 Not Found: /.well-known/appspecific/com.chrome.devtools.json
WARNING 2025-09-09 11:52:50,664 basehttp 13508 16016 "GET /.well-known/appspecific/com.chrome.devtools.json HTTP/1.1" 404 179
INFO 2025-09-09 11:53:47,208 basehttp 13508 16016 "GET /contact/ HTTP/1.1" 200 10056
WARNING 2025-09-09 11:53:47,456 log 13508 16016 Not Found: /.well-known/appspecific/com.chrome.devtools.json
WARNING 2025-09-09 11:53:47,469 basehttp 13508 16016 "GET /.well-known/appspecific/com.chrome.devtools.json HTTP/1.1" 404 179
INFO 2025-09-09 11:53:51,135 basehttp 13508 16016 "GET / HTTP/1.1" 200 7964
WARNING 2025-09-09 11:53:51,299 log 13508 16016 Not Found: /.well-known/appspecific/com.chrome.devtools.json
WARNING 2025-09-09 11:53:51,348 basehttp 13508 16016 "GET /.well-known/appspecific/com.chrome.devtools.json HTTP/1.1" 404 179
INFO 2025-09-09 11:53:57,250 basehttp 13508 16016 "GET /about/ HTTP/1.1" 200 12747
WARNING 2025-09-09 11:53:57,375 log 13508 16016 Not Found: /.well-known/appspecific/com.chrome.devtools.json
WARNING 2025-09-09 11:53:57,507 basehttp 13508 16016 "GET /.well-known/appspecific/com.chrome.devtools.json HTTP/1.1" 404 179
INFO 2025-09-09 11:54:00,499 basehttp 13508 16016 "GET / HTTP/1.1" 200 7964
WARNING 2025-09-09 11:54:00,692 log 13508 16016 Not Found: /.well-known/appspecific/com.chrome.devtools.json
WARNING 2025-09-09 11:54:00,695 basehttp 13508 16016 "GET /.well-known/appspecific/com.chrome.devtools.json HTTP/1.1" 404 179
INFO 2025-09-09 11:57:18,739 basehttp 13508 16016 "GET / HTTP/1.1" 200 7965
WARNING 2025-09-09 11:57:18,816 log 13508 16016 Not Found: /.well-known/appspecific/com.chrome.devtools.json
WARNING 2025-09-09 11:57:18,819 basehttp 13508 16016 "GET /.well-known/appspecific/com.chrome.devtools.json HTTP/1.1" 404 179
INFO 2025-09-09 11:58:15,883 basehttp 13508 16016 "GET /about/ HTTP/1.1" 200 12748
WARNING 2025-09-09 11:58:15,978 log 13508 16016 Not Found: /.well-known/appspecific/com.chrome.devtools.json
WARNING 2025-09-09 11:58:16,016 basehttp 13508 16016 "GET /.well-known/appspecific/com.chrome.devtools.json HTTP/1.1" 404 179
INFO 2025-09-09 11:58:25,473 basehttp 13508 16016 "GET / HTTP/1.1" 200 7965
INFO 2025-09-09 11:58:27,221 basehttp 13508 16016 "GET / HTTP/1.1" 200 7965
INFO 2025-09-09 11:58:28,499 basehttp 13508 16016 "GET /about/ HTTP/1.1" 200 12748
INFO 2025-09-09 11:58:29,752 basehttp 13508 16016 "GET /skills/ HTTP/1.1" 200 8743
INFO 2025-09-09 11:58:30,708 basehttp 13508 16016 "GET /contact/ HTTP/1.1" 200 10057
INFO 2025-09-09 11:58:32,075 basehttp 13508 16016 "GET / HTTP/1.1" 200 7965
WARNING 2025-09-09 11:58:49,541 log 13508 16016 Not Found: /.well-known/appspecific/com.chrome.devtools.json
WARNING 2025-09-09 11:58:49,541 basehttp 13508 16016 "GET /.well-known/appspecific/com.chrome.devtools.json HTTP/1.1" 404 179
INFO 2025-09-09 12:00:20,729 basehttp 13508 16016 "GET / HTTP/1.1" 200 7965
WARNING 2025-09-09 12:00:20,875 log 13508 16016 Not Found: /.well-known/appspecific/com.chrome.devtools.json
WARNING 2025-09-09 12:00:20,896 basehttp 13508 16016 "GET /.well-known/appspecific/com.chrome.devtools.json HTTP/1.1" 404 179
INFO 2025-09-09 12:02:14,753 autoreload 13508 17352 C:\Users\user\Documents\site\main\urls.py changed, reloading.
INFO 2025-09-09 12:02:15,592 autoreload 1332 17980 Watching for file changes with StatReloader
INFO 2025-09-09 12:02:21,656 autoreload 1332 17980 C:\Users\user\Documents\site\main\views.py changed, reloading.
INFO 2025-09-09 12:02:22,914 autoreload 13052 17468 Watching for file changes with StatReloader
INFO 2025-09-09 12:03:02,508 basehttp 13052 3976 "GET / HTTP/1.1" 200 8201
WARNING 2025-09-09 12:03:03,125 log 13052 3976 Not Found: /.well-known/appspecific/com.chrome.devtools.json
WARNING 2025-09-09 12:03:03,607 basehttp 13052 3976 "GET /.well-known/appspecific/com.chrome.devtools.json HTTP/1.1" 404 179
INFO 2025-09-09 12:03:15,402 basehttp 13052 3976 "GET /about/ HTTP/1.1" 200 12984
INFO 2025-09-09 12:03:17,220 basehttp 13052 3976 "GET /skills/ HTTP/1.1" 200 8979
INFO 2025-09-09 12:03:19,058 basehttp 13052 3976 "GET /contact/ HTTP/1.1" 200 10293
INFO 2025-09-09 12:03:20,895 autoreload 13052 17468 C:\Users\user\Documents\site\main\views.py changed, reloading.
INFO 2025-09-09 12:03:22,254 autoreload 8264 23304 Watching for file changes with StatReloader
INFO 2025-09-09 12:03:22,945 basehttp 8264 9040 "GET / HTTP/1.1" 200 8201
INFO 2025-09-09 12:03:25,020 basehttp 8264 9040 "GET / HTTP/1.1" 200 8201
INFO 2025-09-09 12:03:26,289 basehttp 8264 9040 "GET / HTTP/1.1" 200 8201
INFO 2025-09-09 12:03:33,607 basehttp 8264 9040 "GET /privacy/ HTTP/1.1" 200 5390
INFO 2025-09-09 12:03:53,634 basehttp 8264 9040 "GET /impressum/ HTTP/1.1" 200 5682
INFO 2025-09-09 12:04:46,877 basehttp 8264 9040 "GET / HTTP/1.1" 200 8300
INFO 2025-09-09 12:05:14,575 autoreload 8264 23304 C:\Users\user\Documents\site\main\security.py changed, reloading.
INFO 2025-09-09 12:05:15,253 autoreload 5116 17296 Watching for file changes with StatReloader
INFO 2025-09-09 12:05:28,704 autoreload 5116 17296 C:\Users\user\Documents\site\main\security.py changed, reloading.
INFO 2025-09-09 12:05:29,266 autoreload 6444 12052 Watching for file changes with StatReloader
INFO 2025-09-09 12:05:32,461 basehttp 6444 4008 "GET / HTTP/1.1" 200 8300
INFO 2025-09-09 12:05:35,127 basehttp 6444 4008 "GET /privacy/ HTTP/1.1" 200 5489
INFO 2025-09-09 12:05:38,032 basehttp 6444 4008 "GET /impressum/ HTTP/1.1" 200 5781
INFO 2025-09-09 12:05:54,494 autoreload 6444 12052 C:\Users\user\Documents\site\main\urls.py changed, reloading.
INFO 2025-09-09 12:05:55,931 autoreload 7904 23308 Watching for file changes with StatReloader
INFO 2025-09-09 12:06:08,833 autoreload 7904 23308 C:\Users\user\Documents\site\main\views.py changed, reloading.
INFO 2025-09-09 12:06:09,555 autoreload 21316 21340 Watching for file changes with StatReloader
INFO 2025-09-09 12:06:32,196 autoreload 21316 21340 C:\Users\user\Documents\site\main\views.py changed, reloading.
INFO 2025-09-09 12:06:32,892 autoreload 10004 4212 Watching for file changes with StatReloader
INFO 2025-09-09 12:07:49,354 autoreload 10004 4212 C:\Users\user\Documents\site\personal_site\urls.py changed, reloading.
INFO 2025-09-09 12:07:49,953 autoreload 18640 18696 Watching for file changes with StatReloader
INFO 2025-09-09 12:07:52,356 autoreload 18640 18696 C:\Users\user\Documents\site\personal_site\urls.py changed, reloading.
INFO 2025-09-09 12:07:53,038 autoreload 15512 10644 Watching for file changes with StatReloader
INFO 2025-09-09 12:08:06,128 basehttp 15512 17544 "GET /admin/ HTTP/1.1" 302 0
INFO 2025-09-09 12:08:06,249 basehttp 15512 17544 "GET /admin-info/ HTTP/1.1" 200 5630
INFO 2025-09-09 12:08:17,746 basehttp 15512 17544 "GET /admin/ HTTP/1.1" 302 0
INFO 2025-09-09 12:08:17,765 basehttp 15512 17544 "GET /admin-info/ HTTP/1.1" 200 5630
INFO 2025-09-09 12:13:06,882 basehttp 15512 17544 "GET /admin-info/ HTTP/1.1" 200 5630
INFO 2025-09-09 12:13:13,689 basehttp 15512 17544 "GET /admin/ HTTP/1.1" 302 0
INFO 2025-09-09 12:13:13,712 basehttp 15512 17544 "GET /admin-info/ HTTP/1.1" 200 5630
INFO 2025-09-09 12:14:03,150 autoreload 15512 10644 C:\Users\user\Documents\site\main\admin.py changed, reloading.
INFO 2025-09-09 12:14:07,697 autoreload 556 3500 Watching for file changes with StatReloader
INFO 2025-09-09 12:14:19,889 basehttp 556 1812 "GET / HTTP/1.1" 200 8300
INFO 2025-09-09 12:14:24,132 basehttp 556 1812 "GET /admin-info/ HTTP/1.1" 200 5630
INFO 2025-09-09 12:14:31,889 basehttp 556 1812 "GET //secure-panel// HTTP/1.1" 302 0
INFO 2025-09-09 12:14:31,982 basehttp 556 1812 "GET /secure-panel/login/?next=/secure-panel// HTTP/1.1" 200 4207
WARNING 2025-09-09 12:14:32,097 log 556 1812 Not Found: /static/admin/css/base.css
WARNING 2025-09-09 12:14:32,097 basehttp 556 1812 "GET /static/admin/css/base.css HTTP/1.1" 404 4174
WARNING 2025-09-09 12:14:32,113 log 556 15940 Not Found: /static/admin/css/login.css
WARNING 2025-09-09 12:14:32,115 basehttp 556 15940 "GET /static/admin/css/login.css HTTP/1.1" 404 4174
WARNING 2025-09-09 12:14:32,146 log 556 16000 Not Found: /static/admin/js/theme.js
WARNING 2025-09-09 12:14:32,147 basehttp 556 16000 "GET /static/admin/js/theme.js HTTP/1.1" 404 4174
WARNING 2025-09-09 12:14:32,171 log 556 4948 Not Found: /static/admin/css/dark_mode.css
WARNING 2025-09-09 12:14:32,172 basehttp 556 4948 "GET /static/admin/css/dark_mode.css HTTP/1.1" 404 4174
WARNING 2025-09-09 12:14:32,186 log 556 18368 Not Found: /static/admin/css/nav_sidebar.css
WARNING 2025-09-09 12:14:32,189 basehttp 556 18368 "GET /static/admin/css/nav_sidebar.css HTTP/1.1" 404 4174
WARNING 2025-09-09 12:14:32,211 log 556 20468 Not Found: /static/admin/css/responsive.css
WARNING 2025-09-09 12:14:32,217 basehttp 556 20468 "GET /static/admin/css/responsive.css HTTP/1.1" 404 4174
WARNING 2025-09-09 12:14:32,232 log 556 16000 Not Found: /static/admin/js/nav_sidebar.js
WARNING 2025-09-09 12:14:32,233 basehttp 556 16000 "GET /static/admin/js/nav_sidebar.js HTTP/1.1" 404 4174
WARNING 2025-09-09 12:14:32,251 log 556 4948 Not Found: /static/admin/css/login.css
WARNING 2025-09-09 12:14:32,254 basehttp 556 4948 "GET /static/admin/css/login.css HTTP/1.1" 404 4174
INFO 2025-09-09 12:14:36,927 basehttp 556 4948 "GET /secure-panel/ HTTP/1.1" 302 0
INFO 2025-09-09 12:14:36,948 basehttp 556 4948 "GET /secure-panel/login/?next=/secure-panel/ HTTP/1.1" 200 4205
WARNING 2025-09-09 12:14:37,067 log 556 4948 Not Found: /static/admin/css/base.css
WARNING 2025-09-09 12:14:37,069 basehttp 556 4948 "GET /static/admin/css/base.css HTTP/1.1" 404 4174
WARNING 2025-09-09 12:14:37,089 log 556 18368 Not Found: /static/admin/css/nav_sidebar.css
WARNING 2025-09-09 12:14:37,094 basehttp 556 18368 "GET /static/admin/css/nav_sidebar.css HTTP/1.1" 404 4174
WARNING 2025-09-09 12:14:37,115 log 556 20468 Not Found: /static/admin/js/theme.js
WARNING 2025-09-09 12:14:37,119 basehttp 556 20468 "GET /static/admin/js/theme.js HTTP/1.1" 404 4174
WARNING 2025-09-09 12:14:37,142 log 556 16000 Not Found: /static/admin/css/dark_mode.css
WARNING 2025-09-09 12:14:37,147 basehttp 556 16000 "GET /static/admin/css/dark_mode.css HTTP/1.1" 404 4174
WARNING 2025-09-09 12:14:37,179 log 556 15940 Not Found: /static/admin/css/login.css
WARNING 2025-09-09 12:14:37,186 basehttp 556 15940 "GET /static/admin/css/login.css HTTP/1.1" 404 4174
WARNING 2025-09-09 12:14:37,204 log 556 1812 Not Found: /static/admin/css/responsive.css
WARNING 2025-09-09 12:14:37,206 basehttp 556 1812 "GET /static/admin/css/responsive.css HTTP/1.1" 404 4174
WARNING 2025-09-09 12:14:37,230 log 556 20468 Not Found: /static/admin/js/nav_sidebar.js
WARNING 2025-09-09 12:14:37,234 basehttp 556 20468 "GET /static/admin/js/nav_sidebar.js HTTP/1.1" 404 4174
WARNING 2025-09-09 12:14:37,257 log 556 16000 Not Found: /static/admin/css/nav_sidebar.css
WARNING 2025-09-09 12:14:37,258 basehttp 556 16000 "GET /static/admin/css/nav_sidebar.css HTTP/1.1" 404 4174
INFO 2025-09-09 12:15:05,364 basehttp 556 16000 "GET /secure-panel/login/?next=/secure-panel/ HTTP/1.1" 200 4205
INFO 2025-09-09 12:15:06,384 basehttp 556 16000 "GET /secure-panel/login/?next=/secure-panel// HTTP/1.1" 200 4207
INFO 2025-09-09 12:15:15,179 basehttp 556 16000 "GET /admin-info/ HTTP/1.1" 200 5630
INFO 2025-09-09 12:15:52,445 autoreload 556 3500 C:\Users\user\Documents\site\main\urls.py changed, reloading.
INFO 2025-09-09 12:15:53,969 autoreload 2464 23296 Watching for file changes with StatReloader
INFO 2025-09-09 12:15:58,085 autoreload 2464 23296 C:\Users\user\Documents\site\main\views.py changed, reloading.
INFO 2025-09-09 12:15:59,789 autoreload 20104 14860 Watching for file changes with StatReloader
INFO 2025-09-09 12:16:08,206 autoreload 20104 14860 C:\Users\user\Documents\site\personal_site\urls.py changed, reloading.
INFO 2025-09-09 12:16:11,124 autoreload 5464 10812 Watching for file changes with StatReloader
INFO 2025-09-09 12:16:15,890 autoreload 5464 10812 C:\Users\user\Documents\site\main\security.py changed, reloading.
INFO 2025-09-09 12:16:17,454 autoreload 15652 8620 Watching for file changes with StatReloader
INFO 2025-09-09 12:16:26,579 autoreload 15652 8620 C:\Users\user\Documents\site\personal_site\settings.py changed, reloading.
INFO 2025-09-09 12:16:27,741 autoreload 20856 20544 Watching for file changes with StatReloader
INFO 2025-09-09 12:16:37,932 autoreload 20856 20544 C:\Users\user\Documents\site\personal_site\urls.py changed, reloading.
INFO 2025-09-09 12:16:38,475 autoreload 16356 11404 Watching for file changes with StatReloader
INFO 2025-09-09 12:17:30,547 basehttp 16356 21888 "GET /secure-panel/login/?next=/secure-panel/ HTTP/1.1" 200 4205
WARNING 2025-09-09 12:17:30,782 log 16356 21976 Not Found: /static/admin/css/dark_mode.css
WARNING 2025-09-09 12:17:30,817 basehttp 16356 21976 "GET /static/admin/css/dark_mode.css HTTP/1.1" 404 4174
WARNING 2025-09-09 12:17:30,818 log 16356 21924 Not Found: /static/admin/css/login.css
WARNING 2025-09-09 12:17:30,862 log 16356 21888 Not Found: /static/admin/css/base.css
WARNING 2025-09-09 12:17:30,863 basehttp 16356 21924 "GET /static/admin/css/login.css HTTP/1.1" 404 4174
WARNING 2025-09-09 12:17:30,868 basehttp 16356 21888 "GET /static/admin/css/base.css HTTP/1.1" 404 4174
WARNING 2025-09-09 12:17:30,881 log 16356 852 Not Found: /static/admin/js/theme.js
WARNING 2025-09-09 12:17:30,881 basehttp 16356 852 "GET /static/admin/js/theme.js HTTP/1.1" 404 4174
WARNING 2025-09-09 12:17:30,908 log 16356 22264 Not Found: /static/admin/css/nav_sidebar.css
WARNING 2025-09-09 12:17:30,911 basehttp 16356 22264 "GET /static/admin/css/nav_sidebar.css HTTP/1.1" 404 4174
WARNING 2025-09-09 12:17:30,929 log 16356 21888 Not Found: /static/admin/js/nav_sidebar.js
WARNING 2025-09-09 12:17:30,929 basehttp 16356 21888 "GET /static/admin/js/nav_sidebar.js HTTP/1.1" 404 4174
WARNING 2025-09-09 12:17:30,945 log 16356 7744 Not Found: /static/admin/css/responsive.css
WARNING 2025-09-09 12:17:30,945 basehttp 16356 7744 "GET /static/admin/css/responsive.css HTTP/1.1" 404 4174
WARNING 2025-09-09 12:17:30,984 log 16356 852 Not Found: /static/admin/css/login.css
WARNING 2025-09-09 12:17:30,992 basehttp 16356 852 "GET /static/admin/css/login.css HTTP/1.1" 404 4174
INFO 2025-09-09 12:17:35,026 basehttp 16356 852 "GET /secure-panel/ HTTP/1.1" 302 0
INFO 2025-09-09 12:17:35,080 basehttp 16356 852 "GET /secure-panel/login/?next=/secure-panel/ HTTP/1.1" 200 4205
WARNING 2025-09-09 12:17:35,322 log 16356 21924 Not Found: /static/admin/css/nav_sidebar.css
WARNING 2025-09-09 12:17:35,326 basehttp 16356 21924 "GET /static/admin/css/nav_sidebar.css HTTP/1.1" 404 4174
WARNING 2025-09-09 12:17:35,344 log 16356 22264 Not Found: /static/admin/js/theme.js
WARNING 2025-09-09 12:17:35,348 basehttp 16356 22264 "GET /static/admin/js/theme.js HTTP/1.1" 404 4174
WARNING 2025-09-09 12:17:35,364 log 16356 21976 Not Found: /static/admin/css/responsive.css
WARNING 2025-09-09 12:17:35,377 basehttp 16356 21976 "GET /static/admin/css/responsive.css HTTP/1.1" 404 4174
WARNING 2025-09-09 12:17:35,384 log 16356 7744 Not Found: /static/admin/css/login.css
WARNING 2025-09-09 12:17:35,388 basehttp 16356 7744 "GET /static/admin/css/login.css HTTP/1.1" 404 4174
WARNING 2025-09-09 12:17:35,417 log 16356 21888 Not Found: /static/admin/css/dark_mode.css
WARNING 2025-09-09 12:17:35,421 basehttp 16356 21888 "GET /static/admin/css/dark_mode.css HTTP/1.1" 404 4174
WARNING 2025-09-09 12:17:35,442 log 16356 852 Not Found: /static/admin/css/base.css
WARNING 2025-09-09 12:17:35,452 basehttp 16356 852 "GET /static/admin/css/base.css HTTP/1.1" 404 4174
WARNING 2025-09-09 12:17:35,480 log 16356 21888 Not Found: /static/admin/js/nav_sidebar.js
WARNING 2025-09-09 12:17:35,484 basehttp 16356 21888 "GET /static/admin/js/nav_sidebar.js HTTP/1.1" 404 4174
WARNING 2025-09-09 12:17:35,522 log 16356 852 Not Found: /static/admin/css/login.css
WARNING 2025-09-09 12:17:35,527 basehttp 16356 852 "GET /static/admin/css/login.css HTTP/1.1" 404 4174
WARNING 2025-09-09 12:17:35,561 log 16356 21976 Not Found: /static/admin/css/responsive.css
WARNING 2025-09-09 12:17:35,564 basehttp 16356 21976 "GET /static/admin/css/responsive.css HTTP/1.1" 404 4174
WARNING 2025-09-09 12:17:35,581 log 16356 7744 Not Found: /static/admin/css/nav_sidebar.css
WARNING 2025-09-09 12:17:35,582 basehttp 16356 7744 "GET /static/admin/css/nav_sidebar.css HTTP/1.1" 404 4174
WARNING 2025-09-09 12:17:44,107 log 16356 7744 Not Found: /admin-info/
WARNING 2025-09-09 12:17:44,109 basehttp 16356 7744 "GET /admin-info/ HTTP/1.1" 404 4174
INFO 2025-09-09 12:17:45,828 basehttp 16356 7744 "GET / HTTP/1.1" 200 8300
INFO 2025-09-09 12:17:57,226 autoreload 16356 11404 C:\Users\user\Documents\site\personal_site\settings.py changed, reloading.
INFO 2025-09-09 12:17:58,914 autoreload 3336 16560 Watching for file changes with StatReloader
INFO 2025-09-09 12:18:11,513 autoreload 3336 16560 C:\Users\user\Documents\site\personal_site\settings.py changed, reloading.
INFO 2025-09-09 12:18:12,102 autoreload 13076 13444 Watching for file changes with StatReloader
INFO 2025-09-09 12:20:26,389 autoreload 13076 13444 C:\Users\user\Documents\site\main\urls.py changed, reloading.
INFO 2025-09-09 12:20:26,926 autoreload 13660 17264 Watching for file changes with StatReloader
INFO 2025-09-09 12:20:33,338 autoreload 13660 17264 C:\Users\user\Documents\site\main\views.py changed, reloading.
INFO 2025-09-09 12:20:34,011 autoreload 19068 18816 Watching for file changes with StatReloader
INFO 2025-09-09 12:20:51,820 autoreload 19068 18816 C:\Users\user\Documents\site\personal_site\urls.py changed, reloading.
INFO 2025-09-09 12:20:52,337 autoreload 10268 20900 Watching for file changes with StatReloader
INFO 2025-09-09 12:21:01,845 autoreload 10268 20900 C:\Users\user\Documents\site\main\urls.py changed, reloading.
INFO 2025-09-09 12:21:02,370 autoreload 20460 572 Watching for file changes with StatReloader
INFO 2025-09-09 12:22:01,863 basehttp 20460 20820 "GET / HTTP/1.1" 200 8701
INFO 2025-09-09 12:22:04,956 basehttp 20460 20820 "GET /privacy/ HTTP/1.1" 200 5890
INFO 2025-09-09 12:22:07,375 basehttp 20460 20820 "GET /impressum/ HTTP/1.1" 200 6182
INFO 2025-09-09 12:22:09,467 basehttp 20460 20820 "GET /accessibility/ HTTP/1.1" 200 4821
INFO 2025-09-09 12:22:45,719 basehttp 20460 20820 "GET /sitemap.xml HTTP/1.1" 200 378
INFO 2025-09-09 12:23:50,476 basehttp 20460 20820 "GET /privacy/ HTTP/1.1" 200 5890
INFO 2025-09-09 12:23:52,793 basehttp 20460 20820 "GET /impressum/ HTTP/1.1" 200 6182
INFO 2025-09-09 12:23:56,766 basehttp 20460 20820 "GET /cookies/ HTTP/1.1" 200 4551
INFO 2025-09-09 12:24:02,341 autoreload 20460 572 C:\Users\user\Documents\site\main\urls.py changed, reloading.
INFO 2025-09-09 12:24:03,192 autoreload 23016 22412 Watching for file changes with StatReloader
INFO 2025-09-09 12:24:05,799 basehttp 23016 11848 "GET /impressum/ HTTP/1.1" 200 6099
INFO 2025-09-09 12:24:09,521 autoreload 23016 22412 C:\Users\user\Documents\site\main\views.py changed, reloading.
INFO 2025-09-09 12:24:10,670 autoreload 4148 16004 Watching for file changes with StatReloader
INFO 2025-09-09 12:24:19,325 basehttp 4148 20740 "GET / HTTP/1.1" 200 8618
INFO 2025-09-09 12:24:36,122 autoreload 4148 16004 C:\Users\user\Documents\site\personal_site\urls.py changed, reloading.
INFO 2025-09-09 12:24:37,388 autoreload 18376 17976 Watching for file changes with StatReloader
INFO 2025-09-09 12:24:42,553 autoreload 18376 17976 C:\Users\user\Documents\site\main\views.py changed, reloading.
INFO 2025-09-09 12:24:43,398 autoreload 20732 17508 Watching for file changes with StatReloader
INFO 2025-09-09 12:25:07,915 basehttp 20732 10004 "GET / HTTP/1.1" 200 8618
INFO 2025-09-09 12:25:09,724 basehttp 20732 10004 "GET /privacy/ HTTP/1.1" 200 5807
INFO 2025-09-09 12:25:11,157 basehttp 20732 10004 "GET /impressum/ HTTP/1.1" 200 6099
INFO 2025-09-09 12:25:13,495 basehttp 20732 10004 "GET /cookies/ HTTP/1.1" 200 4468
INFO 2025-09-09 12:25:15,718 basehttp 20732 10004 "GET /sitemap.xml HTTP/1.1" 200 689
INFO 2025-09-09 12:26:05,138 basehttp 20732 10004 "GET /sitemap.xml HTTP/1.1" 200 689
INFO 2025-09-09 12:26:25,237 autoreload 20732 17508 C:\Users\user\Documents\site\main\urls.py changed, reloading.
INFO 2025-09-09 12:26:26,525 autoreload 17720 4988 Watching for file changes with StatReloader
INFO 2025-09-09 12:26:33,884 autoreload 17720 4988 C:\Users\user\Documents\site\main\views.py changed, reloading.
INFO 2025-09-09 12:26:35,180 autoreload 21260 1264 Watching for file changes with StatReloader
INFO 2025-09-09 12:26:56,652 autoreload 21260 1264 C:\Users\user\Documents\site\main\views.py changed, reloading.
INFO 2025-09-09 12:26:57,242 autoreload 15672 18728 Watching for file changes with StatReloader
INFO 2025-09-09 12:29:22,738 basehttp 15672 16392 "GET /sitemap.xml HTTP/1.1" 200 689
INFO 2025-09-09 12:30:16,285 autoreload 15672 18728 C:\Users\user\Documents\site\main\security.py changed, reloading.
INFO 2025-09-09 12:30:17,800 autoreload 11628 15884 Watching for file changes with StatReloader
INFO 2025-09-09 12:30:22,911 autoreload 11628 15884 C:\Users\user\Documents\site\personal_site\settings.py changed, reloading.
INFO 2025-09-09 12:30:23,805 autoreload 7696 21888 Watching for file changes with StatReloader
INFO 2025-09-09 12:30:30,547 basehttp 7696 9580 "GET /privacy/ HTTP/1.1" 200 5804
INFO 2025-09-09 12:30:32,735 basehttp 7696 9580 "GET /impressum/ HTTP/1.1" 200 6096
INFO 2025-09-09 12:30:37,455 basehttp 7696 9580 "GET /cookies/ HTTP/1.1" 200 4465
INFO 2025-09-09 12:30:38,141 autoreload 7696 21888 C:\Users\user\Documents\site\main\security.py changed, reloading.
INFO 2025-09-09 12:30:38,638 autoreload 7872 21772 Watching for file changes with StatReloader
INFO 2025-09-09 12:31:53,768 basehttp 7872 10680 "GET //secure-panel// HTTP/1.1" 302 0
INFO 2025-09-09 12:31:53,864 basehttp 7872 10680 "GET /secure-panel/login/?next=/secure-panel// HTTP/1.1" 200 4207
WARNING 2025-09-09 12:31:53,984 log 7872 16880 Not Found: /static/admin/css/nav_sidebar.css
WARNING 2025-09-09 12:31:53,985 basehttp 7872 16880 "GET /static/admin/css/nav_sidebar.css HTTP/1.1" 404 4489
WARNING 2025-09-09 12:31:54,006 log 7872 14888 Not Found: /static/admin/css/dark_mode.css
WARNING 2025-09-09 12:31:54,007 basehttp 7872 14888 "GET /static/admin/css/dark_mode.css HTTP/1.1" 404 4489
WARNING 2025-09-09 12:31:54,032 log 7872 10680 Not Found: /static/admin/css/base.css
WARNING 2025-09-09 12:31:54,035 basehttp 7872 10680 "GET /static/admin/css/base.css HTTP/1.1" 404 4489
WARNING 2025-09-09 12:31:54,051 log 7872 9568 Not Found: /static/admin/js/theme.js
WARNING 2025-09-09 12:31:54,052 basehttp 7872 9568 "GET /static/admin/js/theme.js HTTP/1.1" 404 4489
WARNING 2025-09-09 12:31:54,077 log 7872 10432 Not Found: /static/admin/css/responsive.css
WARNING 2025-09-09 12:31:54,105 basehttp 7872 10432 "GET /static/admin/css/responsive.css HTTP/1.1" 404 4489
WARNING 2025-09-09 12:31:54,113 log 7872 21452 Not Found: /static/admin/css/login.css
WARNING 2025-09-09 12:31:54,124 basehttp 7872 21452 "GET /static/admin/css/login.css HTTP/1.1" 404 4489
WARNING 2025-09-09 12:31:54,130 log 7872 9568 Not Found: /static/admin/css/nav_sidebar.css
WARNING 2025-09-09 12:31:54,134 basehttp 7872 9568 "GET /static/admin/css/nav_sidebar.css HTTP/1.1" 404 4489
WARNING 2025-09-09 12:31:54,143 log 7872 10680 Not Found: /static/admin/js/nav_sidebar.js
WARNING 2025-09-09 12:31:54,155 basehttp 7872 10680 "GET /static/admin/js/nav_sidebar.js HTTP/1.1" 404 4489
INFO 2025-09-09 12:34:35,388 autoreload 23092 19416 Watching for file changes with StatReloader
INFO 2025-09-09 12:34:38,132 basehttp 23092 3556 "GET /secure-panel/login/?next=/secure-panel/ HTTP/1.1" 200 4205
WARNING 2025-09-09 12:34:38,221 log 23092 3556 Not Found: /static/admin/css/base.css
WARNING 2025-09-09 12:34:38,223 basehttp 23092 3556 "GET /static/admin/css/base.css HTTP/1.1" 404 4489
WARNING 2025-09-09 12:34:38,232 log 23092 17348 Not Found: /static/admin/css/dark_mode.css
WARNING 2025-09-09 12:34:38,232 basehttp 23092 17348 "GET /static/admin/css/dark_mode.css HTTP/1.1" 404 4489
WARNING 2025-09-09 12:34:38,251 log 23092 2736 Not Found: /static/admin/css/nav_sidebar.css
WARNING 2025-09-09 12:34:38,251 basehttp 23092 2736 "GET /static/admin/css/nav_sidebar.css HTTP/1.1" 404 4489
WARNING 2025-09-09 12:34:38,266 log 23092 17308 Not Found: /static/admin/js/theme.js
WARNING 2025-09-09 12:34:38,266 basehttp 23092 17308 "GET /static/admin/js/theme.js HTTP/1.1" 404 4489
WARNING 2025-09-09 12:34:38,294 log 23092 14604 Not Found: /static/admin/css/responsive.css
WARNING 2025-09-09 12:34:38,295 basehttp 23092 14604 "GET /static/admin/css/responsive.css HTTP/1.1" 404 4489
WARNING 2025-09-09 12:34:38,332 log 23092 21560 Not Found: /static/admin/css/login.css
WARNING 2025-09-09 12:34:38,336 basehttp 23092 21560 "GET /static/admin/css/login.css HTTP/1.1" 404 4489
WARNING 2025-09-09 12:34:38,372 log 23092 14604 Not Found: /static/admin/js/nav_sidebar.js
WARNING 2025-09-09 12:34:38,373 basehttp 23092 14604 "GET /static/admin/js/nav_sidebar.js HTTP/1.1" 404 4489
WARNING 2025-09-09 12:34:38,404 log 23092 17308 Not Found: /static/admin/css/nav_sidebar.css
WARNING 2025-09-09 12:34:38,407 basehttp 23092 17308 "GET /static/admin/css/nav_sidebar.css HTTP/1.1" 404 4489
INFO 2025-09-09 12:34:50,510 basehttp 23092 17308 "POST /secure-panel/login/?next=/secure-panel/ HTTP/1.1" 302 0
INFO 2025-09-09 12:34:50,553 basehttp 23092 17308 "GET /secure-panel/ HTTP/1.1" 200 9654
WARNING 2025-09-09 12:34:50,643 log 23092 21560 Not Found: /static/admin/js/theme.js
WARNING 2025-09-09 12:34:50,644 basehttp 23092 21560 "GET /static/admin/js/theme.js HTTP/1.1" 404 4489
WARNING 2025-09-09 12:34:50,659 log 23092 3556 Not Found: /static/admin/css/responsive.css
WARNING 2025-09-09 12:34:50,659 basehttp 23092 3556 "GET /static/admin/css/responsive.css HTTP/1.1" 404 4489
WARNING 2025-09-09 12:34:50,674 log 23092 17308 Not Found: /static/admin/css/base.css
WARNING 2025-09-09 12:34:50,677 basehttp 23092 17308 "GET /static/admin/css/base.css HTTP/1.1" 404 4489
WARNING 2025-09-09 12:34:50,692 log 23092 14604 Not Found: /static/admin/css/dark_mode.css
WARNING 2025-09-09 12:34:50,698 basehttp 23092 14604 "GET /static/admin/css/dark_mode.css HTTP/1.1" 404 4489
WARNING 2025-09-09 12:34:50,721 log 23092 2736 Not Found: /static/admin/css/nav_sidebar.css
WARNING 2025-09-09 12:34:50,732 basehttp 23092 2736 "GET /static/admin/css/nav_sidebar.css HTTP/1.1" 404 4489
WARNING 2025-09-09 12:34:50,737 log 23092 17348 Not Found: /static/admin/css/dashboard.css
WARNING 2025-09-09 12:34:50,738 basehttp 23092 17348 "GET /static/admin/css/dashboard.css HTTP/1.1" 404 4489
WARNING 2025-09-09 12:34:50,798 log 23092 14604 Not Found: /static/admin/css/responsive.css
WARNING 2025-09-09 12:34:50,814 basehttp 23092 14604 "GET /static/admin/css/responsive.css HTTP/1.1" 404 4489
WARNING 2025-09-09 12:34:50,817 log 23092 17308 Not Found: /static/admin/js/nav_sidebar.js
WARNING 2025-09-09 12:34:50,825 basehttp 23092 17308 "GET /static/admin/js/nav_sidebar.js HTTP/1.1" 404 4489
INFO 2025-09-09 12:34:55,338 basehttp 23092 17308 "GET /secure-panel/main/about/ HTTP/1.1" 200 10402
WARNING 2025-09-09 12:34:55,415 log 23092 14604 Not Found: /static/admin/css/changelists.css
WARNING 2025-09-09 12:34:55,417 basehttp 23092 14604 "GET /static/admin/css/changelists.css HTTP/1.1" 404 4489
INFO 2025-09-09 12:34:55,424 basehttp 23092 17348 "GET /secure-panel/jsi18n/ HTTP/1.1" 200 3342
WARNING 2025-09-09 12:34:55,450 log 23092 17308 Not Found: /static/admin/css/base.css
WARNING 2025-09-09 12:34:55,452 basehttp 23092 17308 "GET /static/admin/css/base.css HTTP/1.1" 404 4489
WARNING 2025-09-09 12:34:55,467 log 23092 17348 Not Found: /static/admin/css/responsive.css
WARNING 2025-09-09 12:34:55,470 basehttp 23092 17348 "GET /static/admin/css/responsive.css HTTP/1.1" 404 4489
WARNING 2025-09-09 12:34:55,487 log 23092 14604 Not Found: /static/admin/css/nav_sidebar.css
WARNING 2025-09-09 12:34:55,489 basehttp 23092 14604 "GET /static/admin/css/nav_sidebar.css HTTP/1.1" 404 4489
WARNING 2025-09-09 12:34:55,509 log 23092 17308 Not Found: /static/admin/js/jquery.init.js
WARNING 2025-09-09 12:34:55,524 basehttp 23092 17308 "GET /static/admin/js/jquery.init.js HTTP/1.1" 404 4489
WARNING 2025-09-09 12:34:55,555 log 23092 3556 Not Found: /static/admin/js/theme.js
WARNING 2025-09-09 12:34:55,570 basehttp 23092 3556 "GET /static/admin/js/theme.js HTTP/1.1" 404 4489
WARNING 2025-09-09 12:34:55,614 log 23092 17348 Not Found: /static/admin/js/core.js
WARNING 2025-09-09 12:34:55,621 basehttp 23092 17348 "GET /static/admin/js/core.js HTTP/1.1" 404 4489
WARNING 2025-09-09 12:34:55,643 log 23092 14604 Not Found: /static/admin/js/admin/RelatedObjectLookups.js
WARNING 2025-09-09 12:34:55,647 basehttp 23092 14604 "GET /static/admin/js/admin/RelatedObjectLookups.js HTTP/1.1" 404 4489
WARNING 2025-09-09 12:34:55,692 log 23092 17308 Not Found: /static/admin/js/actions.js
WARNING 2025-09-09 12:34:55,719 basehttp 23092 17308 "GET /static/admin/js/actions.js HTTP/1.1" 404 4489
WARNING 2025-09-09 12:34:55,725 log 23092 17348 Not Found: /static/admin/js/prepopulate.js
WARNING 2025-09-09 12:34:55,749 basehttp 23092 17348 "GET /static/admin/js/prepopulate.js HTTP/1.1" 404 4489
WARNING 2025-09-09 12:34:55,776 log 23092 3556 Not Found: /static/admin/js/urlify.js
WARNING 2025-09-09 12:34:55,798 basehttp 23092 3556 "GET /static/admin/js/urlify.js HTTP/1.1" 404 4489
WARNING 2025-09-09 12:34:55,806 log 23092 14604 Not Found: /static/admin/js/vendor/xregexp/xregexp.min.js
WARNING 2025-09-09 12:34:55,813 basehttp 23092 14604 "GET /static/admin/js/vendor/xregexp/xregexp.min.js HTTP/1.1" 404 4489
WARNING 2025-09-09 12:34:55,850 log 23092 17308 Not Found: /static/admin/img/search.svg
WARNING 2025-09-09 12:34:55,856 basehttp 23092 17308 "GET /static/admin/img/search.svg HTTP/1.1" 404 4489
WARNING 2025-09-09 12:34:55,897 log 23092 21560 Not Found: /static/admin/js/vendor/jquery/jquery.min.js
WARNING 2025-09-09 12:34:55,901 basehttp 23092 21560 "GET /static/admin/js/vendor/jquery/jquery.min.js HTTP/1.1" 404 4489
WARNING 2025-09-09 12:34:55,958 log 23092 2736 Not Found: /static/admin/css/dark_mode.css
WARNING 2025-09-09 12:34:55,980 basehttp 23092 2736 "GET /static/admin/css/dark_mode.css HTTP/1.1" 404 4489
WARNING 2025-09-09 12:34:55,988 log 23092 21560 Not Found: /static/admin/js/nav_sidebar.js
WARNING 2025-09-09 12:34:56,000 basehttp 23092 21560 "GET /static/admin/js/nav_sidebar.js HTTP/1.1" 404 4489
WARNING 2025-09-09 12:34:56,061 log 23092 2736 Not Found: /static/admin/js/filters.js
WARNING 2025-09-09 12:34:56,070 basehttp 23092 2736 "GET /static/admin/js/filters.js HTTP/1.1" 404 4489
WARNING 2025-09-09 12:34:56,084 log 23092 21560 Not Found: /static/admin/css/nav_sidebar.css
WARNING 2025-09-09 12:34:56,088 basehttp 23092 21560 "GET /static/admin/css/nav_sidebar.css HTTP/1.1" 404 4489
WARNING 2025-09-09 12:34:56,100 log 23092 17308 Not Found: /static/admin/css/changelists.css
WARNING 2025-09-09 12:34:56,101 basehttp 23092 17308 "GET /static/admin/css/changelists.css HTTP/1.1" 404 4489
WARNING 2025-09-09 12:34:56,154 log 23092 17308 Not Found: /static/admin/css/responsive.css
WARNING 2025-09-09 12:34:56,156 basehttp 23092 17308 "GET /static/admin/css/responsive.css HTTP/1.1" 404 4489
INFO 2025-09-09 12:34:58,705 basehttp 23092 17308 "GET /secure-panel/main/about/add/ HTTP/1.1" 200 16244
WARNING 2025-09-09 12:34:58,800 log 23092 3556 Not Found: /static/admin/css/nav_sidebar.css
WARNING 2025-09-09 12:34:58,803 basehttp 23092 3556 "GET /static/admin/css/nav_sidebar.css HTTP/1.1" 404 4489
WARNING 2025-09-09 12:34:58,821 log 23092 21560 Not Found: /static/admin/css/dark_mode.css
WARNING 2025-09-09 12:34:58,822 basehttp 23092 21560 "GET /static/admin/css/dark_mode.css HTTP/1.1" 404 4489
WARNING 2025-09-09 12:34:58,846 log 23092 2736 Not Found: /static/admin/css/forms.css
WARNING 2025-09-09 12:34:58,848 basehttp 23092 2736 "GET /static/admin/css/forms.css HTTP/1.1" 404 4489
WARNING 2025-09-09 12:34:58,887 log 23092 17308 Not Found: /static/admin/css/base.css
WARNING 2025-09-09 12:34:58,889 basehttp 23092 17308 "GET /static/admin/css/base.css HTTP/1.1" 404 4489
INFO 2025-09-09 12:34:58,908 basehttp 23092 21560 "GET /secure-panel/jsi18n/ HTTP/1.1" 200 3342
WARNING 2025-09-09 12:34:58,943 log 23092 3556 Not Found: /static/admin/css/responsive.css
WARNING 2025-09-09 12:34:58,966 basehttp 23092 3556 "GET /static/admin/css/responsive.css HTTP/1.1" 404 4489
WARNING 2025-09-09 12:34:58,985 log 23092 17348 Not Found: /static/admin/js/prepopulate_init.js
WARNING 2025-09-09 12:34:59,030 basehttp 23092 17348 "GET /static/admin/js/prepopulate_init.js HTTP/1.1" 404 4489
WARNING 2025-09-09 12:34:59,053 log 23092 2736 Not Found: /static/admin/js/vendor/jquery/jquery.min.js
WARNING 2025-09-09 12:34:59,060 basehttp 23092 2736 "GET /static/admin/js/vendor/jquery/jquery.min.js HTTP/1.1" 404 4489
WARNING 2025-09-09 12:34:59,075 log 23092 3556 Not Found: /static/admin/js/admin/RelatedObjectLookups.js
WARNING 2025-09-09 12:34:59,105 basehttp 23092 3556 "GET /static/admin/js/admin/RelatedObjectLookups.js HTTP/1.1" 404 4489
WARNING 2025-09-09 12:34:59,111 log 23092 17308 Not Found: /static/admin/js/jquery.init.js
WARNING 2025-09-09 12:34:59,181 basehttp 23092 17308 "GET /static/admin/js/jquery.init.js HTTP/1.1" 404 4489
WARNING 2025-09-09 12:34:59,220 log 23092 14604 Not Found: /static/admin/js/theme.js
WARNING 2025-09-09 12:34:59,240 log 23092 2736 Not Found: /static/admin/js/urlify.js
WARNING 2025-09-09 12:34:59,243 basehttp 23092 14604 "GET /static/admin/js/theme.js HTTP/1.1" 404 4489
WARNING 2025-09-09 12:34:59,258 basehttp 23092 2736 "GET /static/admin/js/urlify.js HTTP/1.1" 404 4489
WARNING 2025-09-09 12:34:59,260 log 23092 17348 Not Found: /static/admin/js/actions.js
WARNING 2025-09-09 12:34:59,295 log 23092 3556 Not Found: /static/admin/js/prepopulate.js
WARNING 2025-09-09 12:34:59,312 basehttp 23092 17348 "GET /static/admin/js/actions.js HTTP/1.1" 404 4489
WARNING 2025-09-09 12:34:59,318 basehttp 23092 3556 "GET /static/admin/js/prepopulate.js HTTP/1.1" 404 4489
WARNING 2025-09-09 12:34:59,355 log 23092 17308 Not Found: /static/admin/js/vendor/xregexp/xregexp.min.js
WARNING 2025-09-09 12:34:59,371 log 23092 21560 Not Found: /static/admin/js/core.js
WARNING 2025-09-09 12:34:59,377 basehttp 23092 17308 "GET /static/admin/js/vendor/xregexp/xregexp.min.js HTTP/1.1" 404 4489
WARNING 2025-09-09 12:34:59,404 basehttp 23092 21560 "GET /static/admin/js/core.js HTTP/1.1" 404 4489
WARNING 2025-09-09 12:34:59,407 log 23092 2736 Not Found: /static/admin/css/nav_sidebar.css
WARNING 2025-09-09 12:34:59,434 basehttp 23092 2736 "GET /static/admin/css/nav_sidebar.css HTTP/1.1" 404 4489
WARNING 2025-09-09 12:34:59,443 log 23092 14604 Not Found: /static/admin/css/forms.css
WARNING 2025-09-09 12:34:59,463 basehttp 23092 14604 "GET /static/admin/css/forms.css HTTP/1.1" 404 4489
WARNING 2025-09-09 12:34:59,510 log 23092 2736 Not Found: /static/admin/js/nav_sidebar.js
WARNING 2025-09-09 12:34:59,516 basehttp 23092 2736 "GET /static/admin/js/nav_sidebar.js HTTP/1.1" 404 4489
WARNING 2025-09-09 12:34:59,558 log 23092 21560 Not Found: /static/admin/css/responsive.css
WARNING 2025-09-09 12:34:59,561 basehttp 23092 21560 "GET /static/admin/css/responsive.css HTTP/1.1" 404 4489
WARNING 2025-09-09 12:34:59,602 log 23092 14604 Not Found: /static/admin/js/change_form.js
WARNING 2025-09-09 12:34:59,608 basehttp 23092 14604 "GET /static/admin/js/change_form.js HTTP/1.1" 404 4489
INFO 2025-09-09 12:36:16,375 basehttp 23092 14604 "GET / HTTP/1.1" 200 8544
INFO 2025-09-09 12:37:36,104 basehttp 23092 14604 "GET / HTTP/1.1" 200 8458
INFO 2025-09-09 12:37:42,788 basehttp 23092 14604 "GET /about/ HTTP/1.1" 200 13348
INFO 2025-09-09 12:37:47,453 basehttp 23092 14604 "GET /skills/ HTTP/1.1" 200 9236
INFO 2025-09-09 12:37:48,696 basehttp 23092 14604 "GET /contact/ HTTP/1.1" 200 10550
INFO 2025-09-09 12:40:18,528 autoreload 10588 11168 Watching for file changes with StatReloader
INFO 2025-09-09 12:40:21,821 basehttp 10588 23156 "GET /contact/ HTTP/1.1" 200 11301
INFO 2025-09-09 12:41:10,270 basehttp 10588 23156 "GET /skills/ HTTP/1.1" 200 9329
INFO 2025-09-09 12:42:17,920 basehttp 10588 23156 "GET /skills/ HTTP/1.1" 200 9329
INFO 2025-09-09 12:42:19,497 basehttp 10588 23156 "GET /skills/ HTTP/1.1" 200 9329
INFO 2025-09-09 12:42:21,141 basehttp 10588 23156 "GET / HTTP/1.1" 200 8594
INFO 2025-09-09 12:42:26,721 basehttp 10588 23156 "GET /about/ HTTP/1.1" 200 13441
INFO 2025-09-09 12:42:30,467 basehttp 10588 23156 "GET /skills/ HTTP/1.1" 200 9329
INFO 2025-09-09 12:42:38,165 basehttp 10588 23156 "GET /contact/ HTTP/1.1" 200 11321
INFO 2025-09-09 12:42:42,032 basehttp 10588 23156 "GET /skills/ HTTP/1.1" 200 9329
INFO 2025-09-09 12:44:01,352 basehttp 10588 23156 "GET / HTTP/1.1" 200 8594
INFO 2025-09-09 12:44:06,325 basehttp 10588 23156 "GET / HTTP/1.1" 200 8594
INFO 2025-09-09 12:44:09,111 basehttp 10588 23156 "GET /about/ HTTP/1.1" 200 13441
INFO 2025-09-09 12:44:13,320 basehttp 10588 23156 "GET /skills/ HTTP/1.1" 200 9329
INFO 2025-09-09 12:44:49,543 basehttp 10588 23156 "GET /about/ HTTP/1.1" 200 13441
INFO 2025-09-09 12:45:03,353 basehttp 10588 23156 "GET /skills/ HTTP/1.1" 200 9329
INFO 2025-09-09 12:45:18,510 basehttp 10588 23156 "GET /about/ HTTP/1.1" 200 13441
INFO 2025-09-09 12:45:19,498 basehttp 10588 23156 "GET /skills/ HTTP/1.1" 200 9329
INFO 2025-09-09 12:45:20,176 basehttp 10588 23156 "GET / HTTP/1.1" 200 8594
INFO 2025-09-09 12:45:21,999 basehttp 10588 23156 "GET /skills/ HTTP/1.1" 200 9329
INFO 2025-09-09 12:45:57,953 basehttp 10588 23156 "GET /about/ HTTP/1.1" 200 13441
INFO 2025-09-09 12:46:26,386 basehttp 10588 23156 "GET /skills/ HTTP/1.1" 200 9329
INFO 2025-09-09 12:48:10,352 basehttp 10588 23156 "GET /skills/ HTTP/1.1" 200 7305
INFO 2025-09-09 12:48:50,721 basehttp 10588 23156 "GET /about/ HTTP/1.1" 200 13441
INFO 2025-09-09 12:48:55,650 basehttp 10588 23156 "GET /skills/ HTTP/1.1" 200 7305
INFO 2025-09-09 12:48:57,398 basehttp 10588 23156 "GET /contact/ HTTP/1.1" 200 11321
INFO 2025-09-09 12:49:10,703 basehttp 10588 23156 "GET /skills/ HTTP/1.1" 200 7305
INFO 2025-09-09 12:49:12,861 basehttp 10588 23156 "GET /about/ HTTP/1.1" 200 13441
INFO 2025-09-09 12:49:16,257 basehttp 10588 23156 "GET / HTTP/1.1" 200 8594
INFO 2025-09-09 12:50:59,298 basehttp 10588 23156 "GET / HTTP/1.1" 200 8594
INFO 2025-09-09 12:52:09,878 basehttp 10588 19928 "GET / HTTP/1.1" 200 8594
INFO 2025-09-09 12:52:30,272 basehttp 10588 19120 "GET / HTTP/1.1" 200 8594
WARNING 2025-09-09 12:52:30,385 log 10588 19120 Not Found: /static/css/style.css
WARNING 2025-09-09 12:52:30,385 basehttp 10588 19120 "GET /static/css/style.css HTTP/1.1" 404 4425
WARNING 2025-09-09 12:52:30,502 log 10588 19120 Not Found: /favicon.ico
WARNING 2025-09-09 12:52:30,502 basehttp 10588 19120 "GET /favicon.ico HTTP/1.1" 404 4425
INFO 2025-09-09 12:52:43,206 basehttp 10588 19120 "GET / HTTP/1.1" 200 8594
WARNING 2025-09-09 12:52:43,240 log 10588 19120 Not Found: /static/css/style.css
WARNING 2025-09-09 12:52:43,242 basehttp 10588 19120 "GET /static/css/style.css HTTP/1.1" 404 4425
INFO 2025-09-09 12:52:44,353 basehttp 10588 19120 "GET / HTTP/1.1" 200 8594
WARNING 2025-09-09 12:52:44,384 log 10588 19120 Not Found: /static/css/style.css
WARNING 2025-09-09 12:52:44,385 basehttp 10588 19120 "GET /static/css/style.css HTTP/1.1" 404 4425
INFO 2025-09-09 12:52:47,002 basehttp 10588 19120 "GET /about/ HTTP/1.1" 200 13441
WARNING 2025-09-09 12:52:47,067 log 10588 19120 Not Found: /static/css/style.css
WARNING 2025-09-09 12:52:47,068 basehttp 10588 19120 "GET /static/css/style.css HTTP/1.1" 404 4425
INFO 2025-09-09 12:52:48,298 basehttp 10588 19120 "GET / HTTP/1.1" 200 8594
WARNING 2025-09-09 12:52:48,338 log 10588 19120 Not Found: /static/css/style.css
WARNING 2025-09-09 12:52:48,339 basehttp 10588 19120 "GET /static/css/style.css HTTP/1.1" 404 4425
INFO 2025-09-09 12:52:49,090 basehttp 10588 19120 "GET /about/ HTTP/1.1" 200 13441
WARNING 2025-09-09 12:52:49,129 log 10588 19120 Not Found: /static/css/style.css
WARNING 2025-09-09 12:52:49,130 basehttp 10588 19120 "GET /static/css/style.css HTTP/1.1" 404 4425
INFO 2025-09-09 12:52:49,980 basehttp 10588 19120 "GET /skills/ HTTP/1.1" 200 7305
WARNING 2025-09-09 12:52:50,044 log 10588 19120 Not Found: /static/css/style.css
WARNING 2025-09-09 12:52:50,054 basehttp 10588 19120 "GET /static/css/style.css HTTP/1.1" 404 4425
INFO 2025-09-09 12:52:50,617 basehttp 10588 19120 "GET /contact/ HTTP/1.1" 200 11321
WARNING 2025-09-09 12:52:50,684 log 10588 19120 Not Found: /static/css/style.css
WARNING 2025-09-09 12:52:50,685 basehttp 10588 19120 "GET /static/css/style.css HTTP/1.1" 404 4425
INFO 2025-09-09 12:52:51,791 basehttp 10588 19120 "GET / HTTP/1.1" 200 8594
WARNING 2025-09-09 12:52:51,859 log 10588 19120 Not Found: /static/css/style.css
WARNING 2025-09-09 12:52:51,862 basehttp 10588 19120 "GET /static/css/style.css HTTP/1.1" 404 4425
INFO 2025-09-09 12:52:53,324 basehttp 10588 19120 "GET / HTTP/1.1" 200 8594
WARNING 2025-09-09 12:52:53,397 log 10588 19120 Not Found: /static/css/style.css
WARNING 2025-09-09 12:52:53,401 basehttp 10588 19120 "GET /static/css/style.css HTTP/1.1" 404 4425
INFO 2025-09-09 12:53:38,501 basehttp 10588 19120 "GET / HTTP/1.1" 200 8594
WARNING 2025-09-09 12:53:38,628 log 10588 19120 Not Found: /static/css/style.css
WARNING 2025-09-09 12:53:38,631 basehttp 10588 19120 "GET /static/css/style.css HTTP/1.1" 404 4425
INFO 2025-09-09 12:53:39,466 basehttp 10588 19120 "GET / HTTP/1.1" 200 8594
WARNING 2025-09-09 12:53:39,584 log 10588 19120 Not Found: /static/css/style.css
WARNING 2025-09-09 12:53:39,587 basehttp 10588 19120 "GET /static/css/style.css HTTP/1.1" 404 4425
INFO 2025-09-09 12:53:40,636 basehttp 10588 19120 "GET / HTTP/1.1" 200 8594
WARNING 2025-09-09 12:53:40,762 log 10588 19120 Not Found: /static/css/style.css
WARNING 2025-09-09 12:53:40,763 basehttp 10588 19120 "GET /static/css/style.css HTTP/1.1" 404 4425
INFO 2025-09-09 12:53:42,565 basehttp 10588 19120 "GET / HTTP/1.1" 200 8594
WARNING 2025-09-09 12:53:42,617 log 10588 19120 Not Found: /static/css/style.css
WARNING 2025-09-09 12:53:42,620 basehttp 10588 19120 "GET /static/css/style.css HTTP/1.1" 404 4425
INFO 2025-09-09 12:53:43,445 basehttp 10588 19120 "GET /about/ HTTP/1.1" 200 13441
WARNING 2025-09-09 12:53:43,584 log 10588 19120 Not Found: /static/css/style.css
WARNING 2025-09-09 12:53:43,589 basehttp 10588 19120 "GET /static/css/style.css HTTP/1.1" 404 4425
INFO 2025-09-09 12:53:46,874 basehttp 10588 19120 "GET /skills/ HTTP/1.1" 200 7305
WARNING 2025-09-09 12:53:47,044 log 10588 19120 Not Found: /static/css/style.css
WARNING 2025-09-09 12:53:47,053 basehttp 10588 19120 "GET /static/css/style.css HTTP/1.1" 404 4425
INFO 2025-09-09 12:53:48,069 basehttp 10588 19120 "GET /contact/ HTTP/1.1" 200 11321
WARNING 2025-09-09 12:53:48,254 log 10588 19120 Not Found: /static/css/style.css
WARNING 2025-09-09 12:53:48,257 basehttp 10588 19120 "GET /static/css/style.css HTTP/1.1" 404 4425
INFO 2025-09-09 12:53:49,409 basehttp 10588 19120 "GET /privacy/ HTTP/1.1" 200 5740
WARNING 2025-09-09 12:53:49,560 log 10588 19120 Not Found: /static/css/style.css
WARNING 2025-09-09 12:53:49,562 basehttp 10588 19120 "GET /static/css/style.css HTTP/1.1" 404 4425
INFO 2025-09-09 12:53:51,020 basehttp 10588 19120 "GET /impressum/ HTTP/1.1" 200 6032
WARNING 2025-09-09 12:53:51,154 log 10588 19120 Not Found: /static/css/style.css
WARNING 2025-09-09 12:53:51,156 basehttp 10588 19120 "GET /static/css/style.css HTTP/1.1" 404 4425
INFO 2025-09-09 12:53:52,595 basehttp 10588 19120 "GET /cookies/ HTTP/1.1" 200 4401
WARNING 2025-09-09 12:53:52,841 log 10588 19120 Not Found: /static/css/style.css
WARNING 2025-09-09 12:53:52,846 basehttp 10588 19120 "GET /static/css/style.css HTTP/1.1" 404 4425
WARNING 2025-09-09 12:54:09,502 log 10588 19928 Not Found: /.well-known/appspecific/com.chrome.devtools.json
WARNING 2025-09-09 12:54:09,503 basehttp 10588 19928 "GET /.well-known/appspecific/com.chrome.devtools.json HTTP/1.1" 404 4425
INFO 2025-09-09 12:54:17,806 basehttp 10588 19928 "GET / HTTP/1.1" 200 8594
WARNING 2025-09-09 12:54:17,860 log 10588 19928 Not Found: /.well-known/appspecific/com.chrome.devtools.json
WARNING 2025-09-09 12:54:17,873 basehttp 10588 19928 "GET /.well-known/appspecific/com.chrome.devtools.json HTTP/1.1" 404 4425
INFO 2025-09-09 12:54:18,916 basehttp 10588 19928 "GET / HTTP/1.1" 200 8594
WARNING 2025-09-09 12:54:18,970 log 10588 19928 Not Found: /.well-known/appspecific/com.chrome.devtools.json
WARNING 2025-09-09 12:54:18,974 basehttp 10588 19928 "GET /.well-known/appspecific/com.chrome.devtools.json HTTP/1.1" 404 4425
INFO 2025-09-09 12:55:02,370 basehttp 10588 19928 "GET / HTTP/1.1" 200 8594
WARNING 2025-09-09 12:55:02,577 log 10588 19928 Not Found: /.well-known/appspecific/com.chrome.devtools.json
WARNING 2025-09-09 12:55:02,580 basehttp 10588 19928 "GET /.well-known/appspecific/com.chrome.devtools.json HTTP/1.1" 404 4425
INFO 2025-09-09 12:55:06,118 basehttp 10588 19120 "GET /cookies/ HTTP/1.1" 200 4401
WARNING 2025-09-09 12:55:06,204 log 10588 19120 Not Found: /static/css/style.css
WARNING 2025-09-09 12:55:06,208 basehttp 10588 19120 "GET /static/css/style.css HTTP/1.1" 404 4425
INFO 2025-09-09 12:55:06,859 basehttp 10588 19120 "GET /cookies/ HTTP/1.1" 200 4401
WARNING 2025-09-09 12:55:06,921 log 10588 19120 Not Found: /static/css/style.css
WARNING 2025-09-09 12:55:06,925 basehttp 10588 19120 "GET /static/css/style.css HTTP/1.1" 404 4425
INFO 2025-09-09 12:55:10,060 basehttp 10588 19120 "GET / HTTP/1.1" 200 8594
WARNING 2025-09-09 12:55:10,150 log 10588 19120 Not Found: /static/css/style.css
WARNING 2025-09-09 12:55:10,155 basehttp 10588 19120 "GET /static/css/style.css HTTP/1.1" 404 4425
INFO 2025-09-09 12:55:35,475 autoreload 23152 22140 Watching for file changes with StatReloader
INFO 2025-09-09 12:55:38,508 basehttp 23152 21120 "GET / HTTP/1.1" 200 8594
INFO 2025-09-09 12:55:46,080 basehttp 23152 21720 "GET / HTTP/1.1" 200 8594
WARNING 2025-09-09 12:55:46,155 log 23152 21720 Not Found: /static/css/style.css
WARNING 2025-09-09 12:55:46,155 basehttp 23152 21720 "GET /static/css/style.css HTTP/1.1" 404 4425
INFO 2025-09-09 12:57:31,231 autoreload 8084 328 Watching for file changes with StatReloader
INFO 2025-09-09 12:57:34,659 basehttp 8084 13344 "GET / HTTP/1.1" 200 8594
WARNING 2025-09-09 12:57:35,248 log 8084 13720 Not Found: /favicon.ico
WARNING 2025-09-09 12:57:35,248 basehttp 8084 13720 "GET /favicon.ico HTTP/1.1" 404 4425
INFO 2025-09-09 12:57:56,138 basehttp 8084 6880 "GET / HTTP/1.1" 200 8594
WARNING 2025-09-09 12:57:56,813 log 8084 6880 Not Found: /static/css/style.css
WARNING 2025-09-09 12:57:56,815 basehttp 8084 6880 "GET /static/css/style.css HTTP/1.1" 404 4425
WARNING 2025-09-09 12:57:56,999 log 8084 6880 Not Found: /favicon.ico
WARNING 2025-09-09 12:57:56,999 basehttp 8084 6880 "GET /favicon.ico HTTP/1.1" 404 4425
INFO 2025-09-09 13:03:57,384 autoreload 11120 1684 Watching for file changes with StatReloader
INFO 2025-09-09 13:04:01,219 basehttp 11120 9804 "GET / HTTP/1.1" 200 8594
INFO 2025-09-09 13:04:02,300 basehttp 11120 9804 "GET / HTTP/1.1" 200 8594
INFO 2025-09-09 13:04:12,360 basehttp 11120 6808 "GET / HTTP/1.1" 200 8594
INFO 2025-09-09 13:04:12,480 basehttp 11120 6808 "GET /static/css/style.css HTTP/1.1" 200 25005
INFO 2025-09-09 14:32:01,043 basehttp 11120 6864 "GET / HTTP/1.1" 200 8594
INFO 2025-09-09 14:33:15,351 basehttp 11120 6864 "GET /about/ HTTP/1.1" 200 13441
INFO 2025-09-09 14:33:41,697 basehttp 11120 6864 "GET /skills/ HTTP/1.1" 200 7305
INFO 2025-09-09 14:33:53,169 basehttp 11120 6864 "GET /contact/ HTTP/1.1" 200 11321
INFO 2025-09-09 14:34:02,477 basehttp 11120 6864 "GET / HTTP/1.1" 200 8594
INFO 2025-09-09 14:34:11,301 basehttp 11120 6864 "GET /skills/ HTTP/1.1" 200 7305
INFO 2025-09-09 14:34:12,603 basehttp 11120 6864 "GET /contact/ HTTP/1.1" 200 11321
INFO 2025-09-09 14:34:13,417 basehttp 11120 6864 "GET /skills/ HTTP/1.1" 200 7305
INFO 2025-09-09 14:34:13,981 basehttp 11120 6864 "GET /about/ HTTP/1.1" 200 13441
INFO 2025-09-09 14:34:14,773 basehttp 11120 6864 "GET / HTTP/1.1" 200 8594
INFO 2025-09-09 14:34:16,361 basehttp 11120 6864 "GET /about/ HTTP/1.1" 200 13441
INFO 2025-09-09 14:34:17,620 basehttp 11120 6864 "GET / HTTP/1.1" 200 8594
INFO 2025-09-09 14:34:26,282 basehttp 11120 6864 "GET /about/ HTTP/1.1" 200 13441
INFO 2025-09-09 14:35:18,887 basehttp 11120 6864 "GET /about/ HTTP/1.1" 200 13441
INFO 2025-09-09 14:35:21,129 basehttp 11120 6864 "GET / HTTP/1.1" 200 8594
INFO 2025-09-09 14:35:21,950 basehttp 11120 6864 "GET /about/ HTTP/1.1" 200 13441
INFO 2025-09-09 14:35:22,915 basehttp 11120 6864 "GET /skills/ HTTP/1.1" 200 7305
INFO 2025-09-09 14:35:23,669 basehttp 11120 6864 "GET /contact/ HTTP/1.1" 200 11321
INFO 2025-09-09 14:35:31,729 basehttp 11120 6864 "GET /skills/ HTTP/1.1" 200 7305
INFO 2025-09-09 14:35:32,830 basehttp 11120 6864 "GET /about/ HTTP/1.1" 200 13441
INFO 2025-09-09 14:35:37,095 basehttp 11120 6864 "GET / HTTP/1.1" 200 8594
INFO 2025-09-09 14:35:38,572 basehttp 11120 6864 "GET /about/ HTTP/1.1" 200 13441
INFO 2025-09-09 14:35:40,312 basehttp 11120 6864 "GET / HTTP/1.1" 200 8594
INFO 2025-09-09 14:35:48,214 basehttp 11120 6864 "GET /about/ HTTP/1.1" 200 13441
INFO 2025-09-09 14:39:11,552 autoreload 11120 1684 C:\Users\user\Documents\site\personal_site\settings.py changed, reloading.
INFO 2025-09-09 14:39:12,707 apps 1904 15200 AXES: BEGIN version 6.3.0, blocking by 
INFO 2025-09-09 14:39:12,764 autoreload 1904 15200 Watching for file changes with StatReloader
INFO 2025-09-09 14:39:22,705 autoreload 1904 15200 C:\Users\user\Documents\site\main\views.py changed, reloading.
INFO 2025-09-09 14:39:23,610 apps 15228 15124 AXES: BEGIN version 6.3.0, blocking by 
INFO 2025-09-09 14:39:23,633 autoreload 15228 15124 Watching for file changes with StatReloader
INFO 2025-09-09 14:40:41,522 apps 13140 10980 AXES: BEGIN version 6.3.0, blocking by 
INFO 2025-09-09 14:41:04,435 apps 15080 10320 AXES: BEGIN version 6.3.0, blocking by 
INFO 2025-09-09 14:42:15,609 autoreload 15228 15124 C:\Users\user\Documents\site\main\views.py changed, reloading.
INFO 2025-09-09 14:42:16,440 apps 5456 7292 AXES: BEGIN version 6.3.0, blocking by 
INFO 2025-09-09 14:42:16,481 autoreload 5456 7292 Watching for file changes with StatReloader
INFO 2025-09-09 14:42:23,411 apps 3300 4296 AXES: BEGIN version 6.3.0, blocking by 
INFO 2025-09-09 14:42:30,626 autoreload 5456 7292 C:\Users\user\Documents\site\personal_site\settings.py changed, reloading.
INFO 2025-09-09 14:42:31,123 apps 6100 12416 AXES: BEGIN version 6.3.0, blocking by 
INFO 2025-09-09 14:42:31,145 autoreload 6100 12416 Watching for file changes with StatReloader
INFO 2025-09-09 14:42:46,776 basehttp 6100 5648 "GET /about/ HTTP/1.1" 200 13441
INFO 2025-09-09 14:42:48,799 basehttp 6100 5648 "GET / HTTP/1.1" 200 8594
INFO 2025-09-09 14:42:50,179 basehttp 6100 5648 "GET /about/ HTTP/1.1" 200 13441
INFO 2025-09-09 14:48:06,654 autoreload 6100 12416 C:\Users\user\Documents\site\main\views.py changed, reloading.
INFO 2025-09-09 14:48:08,103 apps 14884 13456 AXES: BEGIN version 6.3.0, blocking by 
INFO 2025-09-09 14:48:08,161 autoreload 14884 13456 Watching for file changes with StatReloader
INFO 2025-09-09 14:51:43,573 basehttp 14884 16148 "GET /about/ HTTP/1.1" 200 13441
INFO 2025-09-09 14:51:45,155 basehttp 14884 16148 "GET / HTTP/1.1" 200 8594
INFO 2025-09-09 14:51:51,813 basehttp 14884 16148 "GET /about/ HTTP/1.1" 200 13441
INFO 2025-09-09 14:51:54,868 basehttp 14884 17396 "GET /skills/ HTTP/1.1" 200 7305
INFO 2025-09-09 14:51:56,405 basehttp 14884 17396 "GET /contact/ HTTP/1.1" 200 11321
INFO 2025-09-09 14:51:58,265 basehttp 14884 17396 "GET / HTTP/1.1" 200 8594
